[05/08/2025 09:40.53.963] WudfCoInstaller: ReadWdfSection: Checking WdfSection [MTP.NT.Wdf]

[05/08/2025 09:40.53.966] WudfCoInstaller: UMDF Service WpdMtpDriver is already installed - removing existing settings in preparation for setting new ones.

[05/08/2025 09:40.53.970] WudfCoInstaller: Configuring UMDF Service WpdMtpDriver.

[05/08/2025 09:40.53.978] WudfCoInstaller: ImpersonationLevel set to 2

[05/08/2025 09:40.53.981] WudfCoInstaller: KernelModeClientPolicy set to 1

[05/08/2025 09:40.53.984] WudfCoInstaller: Final status: error(0) The operation completed successfully.


[05/08/2025 09:40.54.368] WudfCoInstaller: Created marker file C:\WINDOWS\system32\drivers\Msft_User_WpdMtpDr_01_11_00.Wdf.

AudMig: Device Ids perfect match - {2}.\\?\bthhfenum#bthhfpaudio#9&f2d3185&0&97#{6994ad04-93ef-11d0-a3cc-00a0c9223196}\wave/00010001 {2}.\\?\bthhfenum#bthhfpaudio#9&f2d3185&0&97#{6994ad04-93ef-11d0-a3cc-00a0c9223196}\wave/00010001
AudMig: Migrated {a45c254e-df1c-4efd-8020-67d146a850e0},2 property at 1
AudMig: Migrated {9637b4b9-11ee-4c35-b43c-7b2452c993cc},1 property at 12
AudMig: Migrated {259abffc-50a7-47ce-af08-68c9a7d73366},12 property at 18
AudMig: Migrated {b3f8fa53-0004-438e-9003-51a46e139bfc},0 property at 24
AudMig: Migrated {24dbb0fc-9311-4b3d-9cf0-18ff155639d4},0 property at 25
AudMig: Migrated {24dbb0fc-9311-4b3d-9cf0-18ff155639d4},1 property at 26
AudMig: Migrated {6737016f-5360-48ee-af05-e616c8ff27a7},2 property at 27
AudMig: Migrated {fd8a7b27-0b18-4025-ab1c-bdd6b32e1604},2 property at 28
AudMig: Migrated {908dba32-edff-4c28-8e45-c918561f6748},2 property at 29
AudMig: Migrated {913bc9a7-624b-4a30-96ac-5064a9fc6589},2 property at 30
AudMig: Migrated {f19f064d-082c-4e27-bc73-6882a1bb8e4c},0 property at 64
AudMig: Migrated {70eefb05-aa49-4472-99f6-cbc707f1e576},3 property at 0
AudMig: Migrated {c4f6b0fa-fd32-4c99-8050-8f8a193a7e48},3 property at 1
AudMig: Migrated {c4f6b0fa-fd32-4c99-8050-8f8a193a7e48},2000 property at 2
AudMig: Migrated {c4f6b0fa-fd32-4c99-8050-8f8a193a7e48},2 property at 3
AudMig: Migrated {88d5b221-5f9e-41ca-8de1-f3c4c9fe77a6},83 property at 4
AudMig: Migrated {c4f6b0fa-fd32-4c99-8050-8f8a193a7e48},0 property at 5
AudMig: Migrated {d04e05a6-594b-4fb6-a80d-01af5eed7d1d},0 property at 6
AudMig: Migrating role and device state from SOFTWARE\Microsoft\Windows\CurrentVersion\MMDevices\Audio\Render\{64759603-2EFE-4E99-BCD5-0595E8529CFC} to SOFTWARE\Microsoft\Windows\CurrentVersion\MMDevices\Audio\Render\{E89CF6F2-A777-4404-9207-2A738900BDF1}
AudMig: Device Ids perfect match - {2}.\\?\bthhfenum#bthhfpaudio#9&185ef684&0&97#{6994ad04-93ef-11d0-a3cc-00a0c9223196}\wave/00010001 {2}.\\?\bthhfenum#bthhfpaudio#9&185ef684&0&97#{6994ad04-93ef-11d0-a3cc-00a0c9223196}\wave/00010001
AudMig: Migrated {a45c254e-df1c-4efd-8020-67d146a850e0},2 property at 1
AudMig: Migrated {9637b4b9-11ee-4c35-b43c-7b2452c993cc},1 property at 12
AudMig: Migrated {259abffc-50a7-47ce-af08-68c9a7d73366},12 property at 19
AudMig: Migrated {b3f8fa53-0004-438e-9003-51a46e139bfc},0 property at 27
AudMig: Migrated {6737016f-5360-48ee-af05-e616c8ff27a7},2 property at 28
AudMig: Migrated {fd8a7b27-0b18-4025-ab1c-bdd6b32e1604},2 property at 29
AudMig: Migrated {908dba32-edff-4c28-8e45-c918561f6748},2 property at 30
AudMig: Migrated {913bc9a7-624b-4a30-96ac-5064a9fc6589},2 property at 31
AudMig: Migrated {24dbb0fc-9311-4b3d-9cf0-18ff155639d4},0 property at 57
AudMig: Migrated {24dbb0fc-9311-4b3d-9cf0-18ff155639d4},1 property at 58
AudMig: Migrated {f19f064d-082c-4e27-bc73-6882a1bb8e4c},0 property at 60
AudMig: Migrating role and device state from SOFTWARE\Microsoft\Windows\CurrentVersion\MMDevices\Audio\Render\{B27CF1CC-0AAD-479A-8565-B8B42630FB1B} to SOFTWARE\Microsoft\Windows\CurrentVersion\MMDevices\Audio\Render\{D2F756B7-1BD1-41C5-AF48-DE089396F7E5}
AudMig: Device Ids perfect match - {2}.\\?\bthhfenum#bthhfpaudio#9&8eb77ac&0&97#{6994ad04-93ef-11d0-a3cc-00a0c9223196}\wave/00010001 {2}.\\?\bthhfenum#bthhfpaudio#9&8eb77ac&0&97#{6994ad04-93ef-11d0-a3cc-00a0c9223196}\wave/00010001
AudMig: Migrated {a45c254e-df1c-4efd-8020-67d146a850e0},2 property at 1
AudMig: Migrated {9637b4b9-11ee-4c35-b43c-7b2452c993cc},1 property at 12
AudMig: Migrated {259abffc-50a7-47ce-af08-68c9a7d73366},12 property at 18
AudMig: Migrated {b3f8fa53-0004-438e-9003-51a46e139bfc},0 property at 24
AudMig: Migrated {6737016f-5360-48ee-af05-e616c8ff27a7},2 property at 25
AudMig: Migrated {fd8a7b27-0b18-4025-ab1c-bdd6b32e1604},2 property at 26
AudMig: Migrated {908dba32-edff-4c28-8e45-c918561f6748},2 property at 27
AudMig: Migrated {913bc9a7-624b-4a30-96ac-5064a9fc6589},2 property at 28
AudMig: Migrated {f19f064d-082c-4e27-bc73-6882a1bb8e4c},0 property at 49
AudMig: Migrating role and device state from SOFTWARE\Microsoft\Windows\CurrentVersion\MMDevices\Audio\Render\{C0997AAB-A703-4D33-AC7D-C37099CD32DF} to SOFTWARE\Microsoft\Windows\CurrentVersion\MMDevices\Audio\Render\{4DCB80BD-189C-4812-8978-FB7FAE58E5F6}
AudMig: Device Ids perfect match - {2}.\\?\bthhfenum#bthhfpaudio#9&ec26a09&0&97#{6994ad04-93ef-11d0-a3cc-00a0c9223196}\wave/00010001 {2}.\\?\bthhfenum#bthhfpaudio#9&ec26a09&0&97#{6994ad04-93ef-11d0-a3cc-00a0c9223196}\wave/00010001
AudMig: Migrated {a45c254e-df1c-4efd-8020-67d146a850e0},2 property at 1
AudMig: Migrated {9637b4b9-11ee-4c35-b43c-7b2452c993cc},1 property at 12
AudMig: Migrated {259abffc-50a7-47ce-af08-68c9a7d73366},12 property at 18
AudMig: Migrated {b3f8fa53-0004-438e-9003-51a46e139bfc},0 property at 24
AudMig: Migrated {6737016f-5360-48ee-af05-e616c8ff27a7},2 property at 25
AudMig: Migrated {fd8a7b27-0b18-4025-ab1c-bdd6b32e1604},2 property at 26
AudMig: Migrated {908dba32-edff-4c28-8e45-c918561f6748},2 property at 27
AudMig: Migrated {913bc9a7-624b-4a30-96ac-5064a9fc6589},2 property at 28
AudMig: Migrated {24dbb0fc-9311-4b3d-9cf0-18ff155639d4},1 property at 29
AudMig: Migrated {24dbb0fc-9311-4b3d-9cf0-18ff155639d4},0 property at 30
AudMig: Migrated {f19f064d-082c-4e27-bc73-6882a1bb8e4c},0 property at 51
AudMig: Migrating role and device state from SOFTWARE\Microsoft\Windows\CurrentVersion\MMDevices\Audio\Render\{F25B87BB-F055-4B0F-9C7E-AE0B110516BA} to SOFTWARE\Microsoft\Windows\CurrentVersion\MMDevices\Audio\Render\{D319801F-1B76-4234-9719-787C63AA476B}
AudMig: Device Ids perfect match - {2}.\\?\bthhfenum#bthhfpaudio#9&ec26a09&0&97#{6994ad04-93ef-11d0-a3cc-00a0c9223196}\wave/00010002 {2}.\\?\bthhfenum#bthhfpaudio#9&ec26a09&0&97#{6994ad04-93ef-11d0-a3cc-00a0c9223196}\wave/00010002
AudMig: Migrated {a45c254e-df1c-4efd-8020-67d146a850e0},2 property at 1
AudMig: Migrated {9637b4b9-11ee-4c35-b43c-7b2452c993cc},1 property at 12
AudMig: Migrated {259abffc-50a7-47ce-af08-68c9a7d73366},12 property at 18
AudMig: Migrated {b3f8fa53-0004-438e-9003-51a46e139bfc},0 property at 24
AudMig: Migrated {f19f064d-082c-4e27-bc73-6882a1bb8e4c},0 property at 49
AudMig: Migrated {88d5b221-5f9e-41ca-8de1-f3c4c9fe77a6},83 property at 0
AudMig: Migrated {4ee51b68-0cac-4070-a89c-cecf92558176},3 property at 1
AudMig: Migrated {16b04f29-43a8-4bf5-81e8-3a2c52be0913},0 property at 2
AudMig: Migrated {70eefb05-aa49-4472-99f6-cbc707f1e576},2 property at 3
AudMig: Migrated {911dff54-0b79-4e96-b3de-577f235b619b},15 property at 4
AudMig: Migrated {911dff54-0b79-4e96-b3de-577f235b619b},73 property at 5
AudMig: Migrated {911dff54-0b79-4e96-b3de-577f235b619b},45 property at 6
AudMig: Migrated {911dff54-0b79-4e96-b3de-577f235b619b},71 property at 7
AudMig: Migrated {911dff54-0b79-4e96-b3de-577f235b619b},72 property at 8
AudMig: Migrated {911dff54-0b79-4e96-b3de-577f235b619b},2 property at 9
AudMig: Migrated {911dff54-0b79-4e96-b3de-577f235b619b},22 property at 10
AudMig: Migrated {a21ef5e5-601f-4d5c-b10b-934c779f1a03},3 property at 11
AudMig: Migrated {c4f6b0fa-fd32-4c99-8050-8f8a193a7e48},0 property at 12
AudMig: Migrated {1e99d4a8-6f5d-4170-a207-ae86976df3f6},0 property at 13
AudMig: Migrated {c4f6b0fa-fd32-4c99-8050-8f8a193a7e48},2000 property at 14
AudMig: Migrated {c4f6b0fa-fd32-4c99-8050-8f8a193a7e48},2 property at 15
AudMig: Migrated {c4f6b0fa-fd32-4c99-8050-8f8a193a7e48},3 property at 16
AudMig: Migrated {65973247-5903-4308-9fb2-b952e36b39fd},1 property at 17
AudMig: Migrated {10786eac-45af-49ea-9182-4b994bd075e8},1 property at 18
AudMig: Migrated {10786eac-45af-49ea-9182-4b994bd075e8},0 property at 19
AudMig: Migrating role and device state from SOFTWARE\Microsoft\Windows\CurrentVersion\MMDevices\Audio\Capture\{51FFF1DE-0C43-4E03-A7B4-7C7593E72144} to SOFTWARE\Microsoft\Windows\CurrentVersion\MMDevices\Audio\Capture\{9349B5E6-E8DA-42DE-B47D-D927BD32862D}
AudMig: Device Ids perfect match - {2}.\\?\bthhfenum#bthhfpaudio#9&8eb77ac&0&97#{6994ad04-93ef-11d0-a3cc-00a0c9223196}\wave/00010002 {2}.\\?\bthhfenum#bthhfpaudio#9&8eb77ac&0&97#{6994ad04-93ef-11d0-a3cc-00a0c9223196}\wave/00010002
AudMig: Migrated {a45c254e-df1c-4efd-8020-67d146a850e0},2 property at 1
AudMig: Migrated {9637b4b9-11ee-4c35-b43c-7b2452c993cc},1 property at 12
AudMig: Migrated {259abffc-50a7-47ce-af08-68c9a7d73366},12 property at 18
AudMig: Migrated {b3f8fa53-0004-438e-9003-51a46e139bfc},0 property at 24
AudMig: Migrating role and device state from SOFTWARE\Microsoft\Windows\CurrentVersion\MMDevices\Audio\Capture\{7361FB90-250A-430E-90E0-BD1C70004603} to SOFTWARE\Microsoft\Windows\CurrentVersion\MMDevices\Audio\Capture\{7F0916A5-7B71-44FF-9E89-AEF823CDF84F}
AudMig: Device Ids perfect match - {2}.\\?\bthhfenum#bthhfpaudio#9&185ef684&0&97#{6994ad04-93ef-11d0-a3cc-00a0c9223196}\wave/00010002 {2}.\\?\bthhfenum#bthhfpaudio#9&185ef684&0&97#{6994ad04-93ef-11d0-a3cc-00a0c9223196}\wave/00010002
AudMig: Migrated {a45c254e-df1c-4efd-8020-67d146a850e0},2 property at 1
AudMig: Migrated {9637b4b9-11ee-4c35-b43c-7b2452c993cc},1 property at 12
AudMig: Migrated {259abffc-50a7-47ce-af08-68c9a7d73366},12 property at 19
AudMig: Migrated {b3f8fa53-0004-438e-9003-51a46e139bfc},0 property at 27
AudMig: Migrated {f19f064d-082c-4e27-bc73-6882a1bb8e4c},0 property at 50
AudMig: Migrating role and device state from SOFTWARE\Microsoft\Windows\CurrentVersion\MMDevices\Audio\Capture\{CE34D724-2E9B-4083-A83E-51634D557571} to SOFTWARE\Microsoft\Windows\CurrentVersion\MMDevices\Audio\Capture\{41BC8070-69CD-43C4-82AD-4EADF213D0E0}
AudMig: Device Ids perfect match - {2}.\\?\bthhfenum#bthhfpaudio#9&f2d3185&0&97#{6994ad04-93ef-11d0-a3cc-00a0c9223196}\wave/00010002 {2}.\\?\bthhfenum#bthhfpaudio#9&f2d3185&0&97#{6994ad04-93ef-11d0-a3cc-00a0c9223196}\wave/00010002
AudMig: Migrated {a45c254e-df1c-4efd-8020-67d146a850e0},2 property at 1
AudMig: Migrated {9637b4b9-11ee-4c35-b43c-7b2452c993cc},1 property at 12
AudMig: Migrated {259abffc-50a7-47ce-af08-68c9a7d73366},12 property at 18
AudMig: Migrated {b3f8fa53-0004-438e-9003-51a46e139bfc},0 property at 24
AudMig: Migrated {f19f064d-082c-4e27-bc73-6882a1bb8e4c},0 property at 47
AudMig: Migrated {88d5b221-5f9e-41ca-8de1-f3c4c9fe77a6},83 property at 0
AudMig: Migrated {4ee51b68-0cac-4070-a89c-cecf92558176},3 property at 1
AudMig: Migrated {16b04f29-43a8-4bf5-81e8-3a2c52be0913},0 property at 2
AudMig: Migrated {70eefb05-aa49-4472-99f6-cbc707f1e576},2 property at 3
AudMig: Migrated {911dff54-0b79-4e96-b3de-577f235b619b},15 property at 4
AudMig: Migrated {911dff54-0b79-4e96-b3de-577f235b619b},73 property at 5
AudMig: Migrated {911dff54-0b79-4e96-b3de-577f235b619b},45 property at 6
AudMig: Migrated {911dff54-0b79-4e96-b3de-577f235b619b},71 property at 7
AudMig: Migrated {911dff54-0b79-4e96-b3de-577f235b619b},72 property at 8
AudMig: Migrated {911dff54-0b79-4e96-b3de-577f235b619b},2 property at 9
AudMig: Migrated {911dff54-0b79-4e96-b3de-577f235b619b},22 property at 10
AudMig: Migrated {a21ef5e5-601f-4d5c-b10b-934c779f1a03},3 property at 11
AudMig: Migrated {c4f6b0fa-fd32-4c99-8050-8f8a193a7e48},0 property at 12
AudMig: Migrated {1e99d4a8-6f5d-4170-a207-ae86976df3f6},0 property at 13
AudMig: Migrated {c4f6b0fa-fd32-4c99-8050-8f8a193a7e48},2000 property at 14
AudMig: Migrated {c4f6b0fa-fd32-4c99-8050-8f8a193a7e48},2 property at 15
AudMig: Migrated {c4f6b0fa-fd32-4c99-8050-8f8a193a7e48},3 property at 16
AudMig: Migrated {65973247-5903-4308-9fb2-b952e36b39fd},1 property at 17
AudMig: Migrated {10786eac-45af-49ea-9182-4b994bd075e8},1 property at 18
AudMig: Migrated {10786eac-45af-49ea-9182-4b994bd075e8},0 property at 19
AudMig: Migrated {c9c1a064-fcf2-401f-8f30-b9e899f7c617},0 property at 20
AudMig: Migrated {c9c1a064-fcf2-401f-8f30-b9e899f7c617},1 property at 21
AudMig: Migrated {d04e05a6-594b-4fb6-a80d-01af5eed7d1d},0 property at 22
AudMig: Migrating role and device state from SOFTWARE\Microsoft\Windows\CurrentVersion\MMDevices\Audio\Capture\{FA984B07-4F52-4072-A676-9DD95C88E3A6} to SOFTWARE\Microsoft\Windows\CurrentVersion\MMDevices\Audio\Capture\{8429F869-3A13-4976-AF6B-4684D24D54FA}
AudMig: Device Ids perfect match - {2}.\\?\hdaudio#func_01&ven_10ec&dev_0294&subsys_1043132f&rev_1000#5&23a3455a&0&0001#{6994ad04-93ef-11d0-a3cc-00a0c9223196}\rtmicartopo_a2b1/00010001 {2}.\\?\hdaudio#func_01&ven_10ec&dev_0294&subsys_1043132f&rev_1000#5&23a3455a&0&0001#{6994ad04-93ef-11d0-a3cc-00a0c9223196}\rtmicartopo_a2b1/00010001
AudMig: Migrated {a45c254e-df1c-4efd-8020-67d146a850e0},2 property at 1
AudMig: Migrated {9637b4b9-11ee-4c35-b43c-7b2452c993cc},1 property at 11
AudMig: Migrated {259abffc-50a7-47ce-af08-68c9a7d73366},12 property at 15
AudMig: Migrated {b3f8fa53-0004-438e-9003-51a46e139bfc},0 property at 20
AudMig: Migrated {f19f064d-082c-4e27-bc73-6882a1bb8e4c},0 property at 42
AudMig: Migrated {0f8412d3-dc5c-4db3-b174-dc47a859435c},0 property at 0
AudMig: Migrated {c4f6b0fa-fd32-4c99-8050-8f8a193a7e48},0 property at 1
AudMig: Migrated {1e99d4a8-6f5d-4170-a207-ae86976df3f6},0 property at 2
AudMig: Migrated {88d5b221-5f9e-41ca-8de1-f3c4c9fe77a6},83 property at 3
AudMig: Migrated {4ee51b68-0cac-4070-a89c-cecf92558176},3 property at 4
AudMig: Migrated {16b04f29-43a8-4bf5-81e8-3a2c52be0913},0 property at 5
AudMig: Migrated {70eefb05-aa49-4472-99f6-cbc707f1e576},1 property at 6
AudMig: Migrated {70eefb05-aa49-4472-99f6-cbc707f1e576},2 property at 7
AudMig: Migrated {911dff54-0b79-4e96-b3de-577f235b619b},15 property at 8
AudMig: Migrated {911dff54-0b79-4e96-b3de-577f235b619b},73 property at 9
AudMig: Migrated {911dff54-0b79-4e96-b3de-577f235b619b},45 property at 10
AudMig: Migrated {911dff54-0b79-4e96-b3de-577f235b619b},71 property at 11
AudMig: Migrated {911dff54-0b79-4e96-b3de-577f235b619b},72 property at 12
AudMig: Migrated {911dff54-0b79-4e96-b3de-577f235b619b},2 property at 13
AudMig: Migrated {911dff54-0b79-4e96-b3de-577f235b619b},22 property at 14
AudMig: Migrated {a21ef5e5-601f-4d5c-b10b-934c779f1a03},3 property at 15
AudMig: Migrated {d86fe031-a04b-47e5-9b60-3df61dd0f181},0 property at 16
AudMig: Migrated {c4f6b0fa-fd32-4c99-8050-8f8a193a7e48},2 property at 17
AudMig: Migrated {c4f6b0fa-fd32-4c99-8050-8f8a193a7e48},2000 property at 18
AudMig: Migrated {c4f6b0fa-fd32-4c99-8050-8f8a193a7e48},3 property at 19
AudMig: Migrated {c9c1a064-fcf2-401f-8f30-b9e899f7c617},0 property at 20
AudMig: Migrated {c9c1a064-fcf2-401f-8f30-b9e899f7c617},1 property at 21
AudMig: Migrated {65973247-5903-4308-9fb2-b952e36b39fd},1 property at 22
AudMig: Migrated {10786eac-45af-49ea-9182-4b994bd075e8},1 property at 23
AudMig: Migrated {10786eac-45af-49ea-9182-4b994bd075e8},0 property at 24
AudMig: Migrated {3ba0cd54-830f-4551-a6eb-f3eab68e3700},17 property at 25
AudMig: Migrated {83f774ae-6ad4-4737-98cc-6092e12453cc},8 property at 26
AudMig: Migrating role and device state from SOFTWARE\Microsoft\Windows\CurrentVersion\MMDevices\Audio\Capture\{DDDE9D45-8A0F-4827-BFB3-88E266140AC6} to SOFTWARE\Microsoft\Windows\CurrentVersion\MMDevices\Audio\Capture\{A2ED2CCA-3166-4633-AA9A-B8B4C49352FF}
AudMig: Device Ids perfect match - {2}.\\?\hdaudio#func_01&ven_10ec&dev_0294&subsys_1043132f&rev_1000#5&23a3455a&0&0001#{6994ad04-93ef-11d0-a3cc-00a0c9223196}\rtstereomixtopo_a2b1/00010001 {2}.\\?\hdaudio#func_01&ven_10ec&dev_0294&subsys_1043132f&rev_1000#5&23a3455a&0&0001#{6994ad04-93ef-11d0-a3cc-00a0c9223196}\rtstereomixtopo_a2b1/00010001
AudMig: Migrated {a45c254e-df1c-4efd-8020-67d146a850e0},2 property at 1
AudMig: Migrated {9637b4b9-11ee-4c35-b43c-7b2452c993cc},1 property at 11
AudMig: Migrated {259abffc-50a7-47ce-af08-68c9a7d73366},12 property at 15
AudMig: Migrated {b3f8fa53-0004-438e-9003-51a46e139bfc},0 property at 20
AudMig: Migrated {f19f064d-082c-4e27-bc73-6882a1bb8e4c},0 property at 43
AudMig: Migrated {0f8412d3-dc5c-4db3-b174-dc47a859435c},0 property at 0
AudMig: Migrated {c4f6b0fa-fd32-4c99-8050-8f8a193a7e48},2 property at 1
AudMig: Migrated {88d5b221-5f9e-41ca-8de1-f3c4c9fe77a6},83 property at 2
AudMig: Migrated {d86fe031-a04b-47e5-9b60-3df61dd0f181},0 property at 3
AudMig: Migrated {c4f6b0fa-fd32-4c99-8050-8f8a193a7e48},3 property at 4
AudMig: Migrating role and device state from SOFTWARE\Microsoft\Windows\CurrentVersion\MMDevices\Audio\Capture\{D93827E3-89F6-44E3-8ED4-F58FBCEFCF92} to SOFTWARE\Microsoft\Windows\CurrentVersion\MMDevices\Audio\Capture\{B019C96F-D6F7-4EC9-AAC1-05F112C142DD}
AudMig: Device Ids perfect match - {2}.\\?\hdaudio#func_01&ven_10ec&dev_0294&subsys_1043132f&rev_1000#5&23a3455a&0&0001#{6994ad04-93ef-11d0-a3cc-00a0c9223196}\rearlineouttopohap_a2b1/00010001 {2}.\\?\hdaudio#func_01&ven_10ec&dev_0294&subsys_1043132f&rev_1000#5&23a3455a&0&0001#{6994ad04-93ef-11d0-a3cc-00a0c9223196}\rearlineouttopohap_a2b1/00010001
AudMig: Migrated {a45c254e-df1c-4efd-8020-67d146a850e0},2 property at 1
AudMig: Migrated {9637b4b9-11ee-4c35-b43c-7b2452c993cc},1 property at 11
AudMig: Migrated {259abffc-50a7-47ce-af08-68c9a7d73366},12 property at 15
AudMig: Migrated {b3f8fa53-0004-438e-9003-51a46e139bfc},0 property at 23
AudMig: Migrated {24dbb0fc-9311-4b3d-9cf0-18ff155639d4},0 property at 24
AudMig: Migrated {24dbb0fc-9311-4b3d-9cf0-18ff155639d4},1 property at 25
AudMig: Migrated {6737016f-5360-48ee-af05-e616c8ff27a7},2 property at 26
AudMig: Migrated {fd8a7b27-0b18-4025-ab1c-bdd6b32e1604},2 property at 27
AudMig: Migrated {908dba32-edff-4c28-8e45-c918561f6748},2 property at 28
AudMig: Migrated {913bc9a7-624b-4a30-96ac-5064a9fc6589},2 property at 29
AudMig: Migrated {a45429a4-aa63-4480-b7f8-3f2552daee93},2 property at 30
AudMig: Migrated {a45429a4-aa63-4480-b7f8-3f2552daee93},3 property at 31
AudMig: Migrated {a45429a4-aa63-4480-b7f8-3f2552daee93},4 property at 32
AudMig: Migrated {a45429a4-aa63-4480-b7f8-3f2552daee93},5 property at 33
AudMig: Migrated {a45429a4-aa63-4480-b7f8-3f2552daee93},6 property at 34
AudMig: Migrated {b7a0c3a5-e0f3-4995-bac8-0ad9aba9d0ed},0 property at 35
AudMig: Migrated {f19f064d-082c-4e27-bc73-6882a1bb8e4c},0 property at 60
AudMig: Migrated {0f8412d3-dc5c-4db3-b174-dc47a859435c},0 property at 0
AudMig: Migrated {c4f6b0fa-fd32-4c99-8050-8f8a193a7e48},0 property at 1
AudMig: Migrated {88d5b221-5f9e-41ca-8de1-f3c4c9fe77a6},83 property at 2
AudMig: Migrated {4ee51b68-0cac-4070-a89c-cecf92558176},3 property at 3
AudMig: Migrated {70eefb05-aa49-4472-99f6-cbc707f1e576},3 property at 4
AudMig: Migrated {911dff54-0b79-4e96-b3de-577f235b619b},15 property at 5
AudMig: Migrated {911dff54-0b79-4e96-b3de-577f235b619b},73 property at 6
AudMig: Migrated {911dff54-0b79-4e96-b3de-577f235b619b},45 property at 7
AudMig: Migrated {911dff54-0b79-4e96-b3de-577f235b619b},71 property at 8
AudMig: Migrated {911dff54-0b79-4e96-b3de-577f235b619b},72 property at 9
AudMig: Migrated {a21ef5e5-601f-4d5c-b10b-934c779f1a03},3 property at 10
AudMig: Migrated {d86fe031-a04b-47e5-9b60-3df61dd0f181},0 property at 11
AudMig: Migrated {c4f6b0fa-fd32-4c99-8050-8f8a193a7e48},2 property at 12
AudMig: Migrated {c4f6b0fa-fd32-4c99-8050-8f8a193a7e48},3 property at 13
AudMig: Migrated {c4f6b0fa-fd32-4c99-8050-8f8a193a7e48},2000 property at 14
AudMig: Migrated {3ba0cd54-830f-4551-a6eb-f3eab68e3700},4 property at 15
AudMig: Migrated {3ba0cd54-830f-4551-a6eb-f3eab68e3700},6 property at 16
AudMig: Migrated {3ba0cd54-830f-4551-a6eb-f3eab68e3700},1 property at 17
AudMig: Migrated {7a8b74c8-fa66-4460-8542-d6119c59e9d4},6 property at 0
AudMig: Migrated {cfec5e42-3d00-4c9b-b7ea-cae0d67e58de},101 property at 0
AudMig: Migrated {cfec5e42-3d00-4c9b-b7ea-cae0d67e58de},102 property at 1
AudMig: Migrated {cfec5e42-3d00-4c9b-b7ea-cae0d67e58de},104 property at 2
AudMig: Migrated {cfec5e42-3d00-4c9b-b7ea-cae0d67e58de},114 property at 3
AudMig: Migrated {cfec5e42-3d00-4c9b-b7ea-cae0d67e58de},130 property at 4
AudMig: Migrated {cfec5e42-3d00-4c9b-b7ea-cae0d67e58de},135 property at 5
AudMig: Migrated {cfec5e42-3d00-4c9b-b7ea-cae0d67e58de},132 property at 6
AudMig: Migrated {cfec5e42-3d00-4c9b-b7ea-cae0d67e58de},131 property at 7
AudMig: Migrated {cfec5e42-3d00-4c9b-b7ea-cae0d67e58de},127 property at 8
AudMig: Migrated {cfec5e42-3d00-4c9b-b7ea-cae0d67e58de},115 property at 9
AudMig: Migrated {cfec5e42-3d00-4c9b-b7ea-cae0d67e58de},125 property at 10
AudMig: Migrated {cfec5e42-3d00-4c9b-b7ea-cae0d67e58de},126 property at 11
AudMig: Migrated {cfec5e42-3d00-4c9b-b7ea-cae0d67e58de},128 property at 12
AudMig: Migrated {cfec5e42-3d00-4c9b-b7ea-cae0d67e58de},129 property at 13
AudMig: Migrated {cfec5e42-3d00-4c9b-b7ea-cae0d67e58de},133 property at 14
AudMig: Migrated {cfec5e42-3d00-4c9b-b7ea-cae0d67e58de},134 property at 15
AudMig: Migrated {cfec5e42-3d00-4c9b-b7ea-cae0d67e58de},103 property at 16
AudMig: Migrated {cfec5e42-3d00-4c9b-b7ea-cae0d67e58de},113 property at 17
AudMig: Migrated {cfec5e42-3d00-4c9b-b7ea-cae0d67e58de},111 property at 18
AudMig: Migrated {cfec5e42-3d00-4c9b-b7ea-cae0d67e58de},109 property at 19
AudMig: Migrated {cfec5e42-3d00-4c9b-b7ea-cae0d67e58de},108 property at 20
AudMig: Migrated {cfec5e42-3d00-4c9b-b7ea-cae0d67e58de},136 property at 21
AudMig: Migrated {7a8b74c8-fa66-4460-8542-d6119c59e9d4},6 property at 0
AudMig: Migrated {cfec5e42-3d00-4c9b-b7ea-cae0d67e58de},504 property at 1
AudMig: Migrated {cfec5e42-3d00-4c9b-b7ea-cae0d67e58de},505 property at 2
AudMig: Migrated {cfec5e42-3d00-4c9b-b7ea-cae0d67e58de},506 property at 3
AudMig: Migrated {cfec5e42-3d00-4c9b-b7ea-cae0d67e58de},501 property at 4
AudMig: Migrated {cfec5e42-3d00-4c9b-b7ea-cae0d67e58de},502 property at 5
AudMig: Migrated {7a8b74c8-fa66-4460-8542-d6119c59e9d4},6 property at 0
AudMig: Migrated {cfec5e42-3d00-4c9b-b7ea-cae0d67e58de},304 property at 1
AudMig: Migrated {cfec5e42-3d00-4c9b-b7ea-cae0d67e58de},305 property at 2
AudMig: Migrated {cfec5e42-3d00-4c9b-b7ea-cae0d67e58de},306 property at 3
AudMig: Migrated {cfec5e42-3d00-4c9b-b7ea-cae0d67e58de},301 property at 4
AudMig: Migrated {cfec5e42-3d00-4c9b-b7ea-cae0d67e58de},302 property at 5
AudMig: Migrated {7a8b74c8-fa66-4460-8542-d6119c59e9d4},6 property at 0
AudMig: Migrated {cfec5e42-3d00-4c9b-b7ea-cae0d67e58de},404 property at 1
AudMig: Migrated {cfec5e42-3d00-4c9b-b7ea-cae0d67e58de},405 property at 2
AudMig: Migrated {cfec5e42-3d00-4c9b-b7ea-cae0d67e58de},406 property at 3
AudMig: Migrated {cfec5e42-3d00-4c9b-b7ea-cae0d67e58de},401 property at 4
AudMig: Migrated {cfec5e42-3d00-4c9b-b7ea-cae0d67e58de},402 property at 5
AudMig: Migrating role and device state from SOFTWARE\Microsoft\Windows\CurrentVersion\MMDevices\Audio\Render\{42B18230-E914-4A90-AEEB-C7370F10C4E1} to SOFTWARE\Microsoft\Windows\CurrentVersion\MMDevices\Audio\Render\{7D94C12F-F122-4184-A7DE-2E5084FEBD58}
AudMig: Device Ids perfect match - {2}.\\?\hdaudio#func_01&ven_10ec&dev_0294&subsys_1043132f&rev_1000#5&23a3455a&0&0001#{6994ad04-93ef-11d0-a3cc-00a0c9223196}\rearlineouttopohap3_a2b1/00010001 {2}.\\?\hdaudio#func_01&ven_10ec&dev_0294&subsys_1043132f&rev_1000#5&23a3455a&0&0001#{6994ad04-93ef-11d0-a3cc-00a0c9223196}\rearlineouttopohap3_a2b1/00010001
AudMig: Migrated {a45c254e-df1c-4efd-8020-67d146a850e0},2 property at 1
AudMig: Migrated {9637b4b9-11ee-4c35-b43c-7b2452c993cc},1 property at 11
AudMig: Migrated {259abffc-50a7-47ce-af08-68c9a7d73366},12 property at 15
AudMig: Migrated {b3f8fa53-0004-438e-9003-51a46e139bfc},0 property at 23
AudMig: Migrated {0f8412d3-dc5c-4db3-b174-dc47a859435c},0 property at 0
AudMig: Migrated {88d5b221-5f9e-41ca-8de1-f3c4c9fe77a6},83 property at 1
AudMig: Migrated {4ee51b68-0cac-4070-a89c-cecf92558176},3 property at 2
AudMig: Migrated {70eefb05-aa49-4472-99f6-cbc707f1e576},3 property at 3
AudMig: Migrated {911dff54-0b79-4e96-b3de-577f235b619b},15 property at 4
AudMig: Migrated {911dff54-0b79-4e96-b3de-577f235b619b},73 property at 5
AudMig: Migrated {911dff54-0b79-4e96-b3de-577f235b619b},45 property at 6
AudMig: Migrated {911dff54-0b79-4e96-b3de-577f235b619b},71 property at 7
AudMig: Migrated {911dff54-0b79-4e96-b3de-577f235b619b},72 property at 8
AudMig: Migrated {a21ef5e5-601f-4d5c-b10b-934c779f1a03},3 property at 9
AudMig: Migrated {c4f6b0fa-fd32-4c99-8050-8f8a193a7e48},2 property at 10
AudMig: Migrated {d86fe031-a04b-47e5-9b60-3df61dd0f181},0 property at 11
AudMig: Migrated {c4f6b0fa-fd32-4c99-8050-8f8a193a7e48},3 property at 12
AudMig: Migrated {c4f6b0fa-fd32-4c99-8050-8f8a193a7e48},2000 property at 13
AudMig: Migrated {3ba0cd54-830f-4551-a6eb-f3eab68e3700},4 property at 14
AudMig: Migrated {3ba0cd54-830f-4551-a6eb-f3eab68e3700},6 property at 15
AudMig: Migrated {3ba0cd54-830f-4551-a6eb-f3eab68e3700},1 property at 16
AudMig: Migrated {7a8b74c8-fa66-4460-8542-d6119c59e9d4},6 property at 0
AudMig: Migrated {cfec5e42-3d00-4c9b-b7ea-cae0d67e58de},101 property at 0
AudMig: Migrated {cfec5e42-3d00-4c9b-b7ea-cae0d67e58de},102 property at 1
AudMig: Migrated {cfec5e42-3d00-4c9b-b7ea-cae0d67e58de},114 property at 2
AudMig: Migrated {cfec5e42-3d00-4c9b-b7ea-cae0d67e58de},130 property at 3
AudMig: Migrated {cfec5e42-3d00-4c9b-b7ea-cae0d67e58de},135 property at 4
AudMig: Migrated {cfec5e42-3d00-4c9b-b7ea-cae0d67e58de},132 property at 5
AudMig: Migrated {cfec5e42-3d00-4c9b-b7ea-cae0d67e58de},131 property at 6
AudMig: Migrated {cfec5e42-3d00-4c9b-b7ea-cae0d67e58de},127 property at 7
AudMig: Migrated {cfec5e42-3d00-4c9b-b7ea-cae0d67e58de},115 property at 8
AudMig: Migrated {cfec5e42-3d00-4c9b-b7ea-cae0d67e58de},125 property at 9
AudMig: Migrated {cfec5e42-3d00-4c9b-b7ea-cae0d67e58de},126 property at 10
AudMig: Migrated {cfec5e42-3d00-4c9b-b7ea-cae0d67e58de},128 property at 11
AudMig: Migrated {cfec5e42-3d00-4c9b-b7ea-cae0d67e58de},129 property at 12
AudMig: Migrated {cfec5e42-3d00-4c9b-b7ea-cae0d67e58de},133 property at 13
AudMig: Migrated {cfec5e42-3d00-4c9b-b7ea-cae0d67e58de},134 property at 14
AudMig: Migrated {cfec5e42-3d00-4c9b-b7ea-cae0d67e58de},103 property at 15
AudMig: Migrated {7a8b74c8-fa66-4460-8542-d6119c59e9d4},6 property at 0
AudMig: Migrated {7a8b74c8-fa66-4460-8542-d6119c59e9d4},6 property at 0
AudMig: Migrated {7a8b74c8-fa66-4460-8542-d6119c59e9d4},6 property at 0
AudMig: Migrating role and device state from SOFTWARE\Microsoft\Windows\CurrentVersion\MMDevices\Audio\Render\{59CF82DA-90E9-4281-8A47-0021A068BB61} to SOFTWARE\Microsoft\Windows\CurrentVersion\MMDevices\Audio\Render\{DAEDA8F3-1A77-4DAB-8DB6-941443DD4983}
AudMig: Device Ids perfect match - {2}.\\?\hdaudio#func_01&ven_10ec&dev_0294&subsys_1043132f&rev_1000#5&23a3455a&0&0001#{6994ad04-93ef-11d0-a3cc-00a0c9223196}\rtmicintopo_a2b1/00010001 {2}.\\?\hdaudio#func_01&ven_10ec&dev_0294&subsys_1043132f&rev_1000#5&23a3455a&0&0001#{6994ad04-93ef-11d0-a3cc-00a0c9223196}\rtmicintopo_a2b1/00010001
AudMig: Migrated {a45c254e-df1c-4efd-8020-67d146a850e0},2 property at 1
AudMig: Migrated {9637b4b9-11ee-4c35-b43c-7b2452c993cc},1 property at 11
AudMig: Migrated {259abffc-50a7-47ce-af08-68c9a7d73366},12 property at 15
AudMig: Migrated {b3f8fa53-0004-438e-9003-51a46e139bfc},0 property at 20
AudMig: Migrated {0f8412d3-dc5c-4db3-b174-dc47a859435c},0 property at 0
AudMig: Migrated {88d5b221-5f9e-41ca-8de1-f3c4c9fe77a6},83 property at 1
AudMig: Migrated {4ee51b68-0cac-4070-a89c-cecf92558176},3 property at 2
AudMig: Migrated {16b04f29-43a8-4bf5-81e8-3a2c52be0913},0 property at 3
AudMig: Migrated {70eefb05-aa49-4472-99f6-cbc707f1e576},2 property at 4
AudMig: Migrated {911dff54-0b79-4e96-b3de-577f235b619b},15 property at 5
AudMig: Migrated {911dff54-0b79-4e96-b3de-577f235b619b},73 property at 6
AudMig: Migrated {911dff54-0b79-4e96-b3de-577f235b619b},45 property at 7
AudMig: Migrated {911dff54-0b79-4e96-b3de-577f235b619b},71 property at 8
AudMig: Migrated {911dff54-0b79-4e96-b3de-577f235b619b},72 property at 9
AudMig: Migrated {911dff54-0b79-4e96-b3de-577f235b619b},2 property at 10
AudMig: Migrated {911dff54-0b79-4e96-b3de-577f235b619b},22 property at 11
AudMig: Migrated {a21ef5e5-601f-4d5c-b10b-934c779f1a03},3 property at 12
AudMig: Migrated {1e99d4a8-6f5d-4170-a207-ae86976df3f6},0 property at 13
AudMig: Migrated {c4f6b0fa-fd32-4c99-8050-8f8a193a7e48},2 property at 14
AudMig: Migrated {d86fe031-a04b-47e5-9b60-3df61dd0f181},0 property at 15
AudMig: Migrated {c4f6b0fa-fd32-4c99-8050-8f8a193a7e48},2000 property at 16
AudMig: Migrated {c4f6b0fa-fd32-4c99-8050-8f8a193a7e48},3 property at 17
AudMig: Migrated {3ba0cd54-830f-4551-a6eb-f3eab68e3700},17 property at 18
AudMig: Migrated {83f774ae-6ad4-4737-98cc-6092e12453cc},8 property at 19
AudMig: Migrating role and device state from SOFTWARE\Microsoft\Windows\CurrentVersion\MMDevices\Audio\Capture\{01C82D2B-E911-4095-8FC6-5A12E2A4880A} to SOFTWARE\Microsoft\Windows\CurrentVersion\MMDevices\Audio\Capture\{6EFD2DB0-1F79-4B34-96FD-94200735D2B3}
AudMig: Device Ids perfect match - {2}.\\?\hdaudio#func_01&ven_10ec&dev_0294&subsys_1043132f&rev_1000#5&23a3455a&0&0001#{6994ad04-93ef-11d0-a3cc-00a0c9223196}\rtmicartopo_a2b1/00010001 {2}.\\?\hdaudio#func_01&ven_10ec&dev_0294&subsys_1043132f&rev_1000#5&23a3455a&0&0001#{6994ad04-93ef-11d0-a3cc-00a0c9223196}\rtmicartopo_a2b1/00010001
AudMig: Migrated {a45c254e-df1c-4efd-8020-67d146a850e0},2 property at 1
AudMig: Migrated {9637b4b9-11ee-4c35-b43c-7b2452c993cc},1 property at 12
AudMig: Migrated {259abffc-50a7-47ce-af08-68c9a7d73366},12 property at 16
AudMig: Migrated {b3f8fa53-0004-438e-9003-51a46e139bfc},0 property at 21
AudMig: Migrated {f19f064d-082c-4e27-bc73-6882a1bb8e4c},0 property at 43
AudMig: Migrated {0f8412d3-dc5c-4db3-b174-dc47a859435c},0 property at 0
AudMig: Migrated {c4f6b0fa-fd32-4c99-8050-8f8a193a7e48},0 property at 1
AudMig: Migrated {1e99d4a8-6f5d-4170-a207-ae86976df3f6},0 property at 2
AudMig: Migrated {88d5b221-5f9e-41ca-8de1-f3c4c9fe77a6},83 property at 3
AudMig: Migrated {4ee51b68-0cac-4070-a89c-cecf92558176},3 property at 4
AudMig: Migrated {16b04f29-43a8-4bf5-81e8-3a2c52be0913},0 property at 5
AudMig: Migrated {70eefb05-aa49-4472-99f6-cbc707f1e576},1 property at 6
AudMig: Migrated {70eefb05-aa49-4472-99f6-cbc707f1e576},2 property at 7
AudMig: Migrated {911dff54-0b79-4e96-b3de-577f235b619b},15 property at 8
AudMig: Migrated {911dff54-0b79-4e96-b3de-577f235b619b},73 property at 9
AudMig: Migrated {911dff54-0b79-4e96-b3de-577f235b619b},45 property at 10
AudMig: Migrated {911dff54-0b79-4e96-b3de-577f235b619b},71 property at 11
AudMig: Migrated {911dff54-0b79-4e96-b3de-577f235b619b},72 property at 12
AudMig: Migrated {911dff54-0b79-4e96-b3de-577f235b619b},2 property at 13
AudMig: Migrated {911dff54-0b79-4e96-b3de-577f235b619b},22 property at 14
AudMig: Migrated {a21ef5e5-601f-4d5c-b10b-934c779f1a03},3 property at 15
AudMig: Migrated {d86fe031-a04b-47e5-9b60-3df61dd0f181},0 property at 16
AudMig: Migrated {c4f6b0fa-fd32-4c99-8050-8f8a193a7e48},2 property at 17
AudMig: Migrated {c4f6b0fa-fd32-4c99-8050-8f8a193a7e48},2000 property at 18
AudMig: Migrated {c4f6b0fa-fd32-4c99-8050-8f8a193a7e48},3 property at 19
AudMig: Migrated {c9c1a064-fcf2-401f-8f30-b9e899f7c617},0 property at 20
AudMig: Migrated {c9c1a064-fcf2-401f-8f30-b9e899f7c617},1 property at 21
AudMig: Migrated {65973247-5903-4308-9fb2-b952e36b39fd},1 property at 22
AudMig: Migrated {10786eac-45af-49ea-9182-4b994bd075e8},1 property at 23
AudMig: Migrated {10786eac-45af-49ea-9182-4b994bd075e8},0 property at 24
AudMig: Migrated {3ba0cd54-830f-4551-a6eb-f3eab68e3700},17 property at 25
AudMig: Migrated {83f774ae-6ad4-4737-98cc-6092e12453cc},8 property at 26
AudMig: Migrating role and device state from SOFTWARE\Microsoft\Windows\CurrentVersion\MMDevices\Audio\Capture\{A2ED2CCA-3166-4633-AA9A-B8B4C49352FF} to SOFTWARE\Microsoft\Windows\CurrentVersion\MMDevices\Audio\Capture\{40FAB2DC-BF15-48AB-9E2D-106527CB1E86}
AudMig: Device Ids perfect match - {2}.\\?\hdaudio#func_01&ven_10ec&dev_0294&subsys_1043132f&rev_1000#5&23a3455a&0&0001#{6994ad04-93ef-11d0-a3cc-00a0c9223196}\rtstereomixtopo_a2b1/00010001 {2}.\\?\hdaudio#func_01&ven_10ec&dev_0294&subsys_1043132f&rev_1000#5&23a3455a&0&0001#{6994ad04-93ef-11d0-a3cc-00a0c9223196}\rtstereomixtopo_a2b1/00010001
AudMig: Migrated {a45c254e-df1c-4efd-8020-67d146a850e0},2 property at 1
AudMig: Migrated {9637b4b9-11ee-4c35-b43c-7b2452c993cc},1 property at 12
AudMig: Migrated {259abffc-50a7-47ce-af08-68c9a7d73366},12 property at 16
AudMig: Migrated {b3f8fa53-0004-438e-9003-51a46e139bfc},0 property at 21
AudMig: Migrated {0f8412d3-dc5c-4db3-b174-dc47a859435c},0 property at 0
AudMig: Migrated {c4f6b0fa-fd32-4c99-8050-8f8a193a7e48},2 property at 1
AudMig: Migrated {88d5b221-5f9e-41ca-8de1-f3c4c9fe77a6},83 property at 2
AudMig: Migrated {d86fe031-a04b-47e5-9b60-3df61dd0f181},0 property at 3
AudMig: Migrated {c4f6b0fa-fd32-4c99-8050-8f8a193a7e48},3 property at 4
AudMig: Migrating role and device state from SOFTWARE\Microsoft\Windows\CurrentVersion\MMDevices\Audio\Capture\{B019C96F-D6F7-4EC9-AAC1-05F112C142DD} to SOFTWARE\Microsoft\Windows\CurrentVersion\MMDevices\Audio\Capture\{9DA6592F-FD18-4BDC-A9A6-A49250186C6C}
AudMig: Device Ids perfect match - {2}.\\?\hdaudio#func_01&ven_10ec&dev_0294&subsys_1043132f&rev_1000#5&23a3455a&0&0001#{6994ad04-93ef-11d0-a3cc-00a0c9223196}\rearlineouttopohap_a2b1/00010001 {2}.\\?\hdaudio#func_01&ven_10ec&dev_0294&subsys_1043132f&rev_1000#5&23a3455a&0&0001#{6994ad04-93ef-11d0-a3cc-00a0c9223196}\rearlineouttopohap_a2b1/00010001
AudMig: Migrated {a45c254e-df1c-4efd-8020-67d146a850e0},2 property at 1
AudMig: Migrated {9637b4b9-11ee-4c35-b43c-7b2452c993cc},1 property at 12
AudMig: Migrated {259abffc-50a7-47ce-af08-68c9a7d73366},12 property at 16
AudMig: Migrated {b3f8fa53-0004-438e-9003-51a46e139bfc},0 property at 24
AudMig: Migrated {24dbb0fc-9311-4b3d-9cf0-18ff155639d4},0 property at 25
AudMig: Migrated {24dbb0fc-9311-4b3d-9cf0-18ff155639d4},1 property at 26
AudMig: Migrated {6737016f-5360-48ee-af05-e616c8ff27a7},2 property at 27
AudMig: Migrated {fd8a7b27-0b18-4025-ab1c-bdd6b32e1604},2 property at 28
AudMig: Migrated {908dba32-edff-4c28-8e45-c918561f6748},2 property at 29
AudMig: Migrated {913bc9a7-624b-4a30-96ac-5064a9fc6589},2 property at 30
AudMig: Migrated {a45429a4-aa63-4480-b7f8-3f2552daee93},2 property at 31
AudMig: Migrated {a45429a4-aa63-4480-b7f8-3f2552daee93},3 property at 32
AudMig: Migrated {a45429a4-aa63-4480-b7f8-3f2552daee93},4 property at 33
AudMig: Migrated {a45429a4-aa63-4480-b7f8-3f2552daee93},5 property at 34
AudMig: Migrated {a45429a4-aa63-4480-b7f8-3f2552daee93},6 property at 35
AudMig: Migrated {b7a0c3a5-e0f3-4995-bac8-0ad9aba9d0ed},0 property at 36
AudMig: Migrated {f19f064d-082c-4e27-bc73-6882a1bb8e4c},0 property at 61
AudMig: Migrated {0f8412d3-dc5c-4db3-b174-dc47a859435c},0 property at 0
AudMig: Migrated {c4f6b0fa-fd32-4c99-8050-8f8a193a7e48},0 property at 1
AudMig: Migrated {88d5b221-5f9e-41ca-8de1-f3c4c9fe77a6},83 property at 2
AudMig: Migrated {4ee51b68-0cac-4070-a89c-cecf92558176},3 property at 3
AudMig: Migrated {70eefb05-aa49-4472-99f6-cbc707f1e576},3 property at 4
AudMig: Migrated {911dff54-0b79-4e96-b3de-577f235b619b},15 property at 5
AudMig: Migrated {911dff54-0b79-4e96-b3de-577f235b619b},73 property at 6
AudMig: Migrated {911dff54-0b79-4e96-b3de-577f235b619b},45 property at 7
AudMig: Migrated {911dff54-0b79-4e96-b3de-577f235b619b},71 property at 8
AudMig: Migrated {911dff54-0b79-4e96-b3de-577f235b619b},72 property at 9
AudMig: Migrated {a21ef5e5-601f-4d5c-b10b-934c779f1a03},3 property at 10
AudMig: Migrated {d86fe031-a04b-47e5-9b60-3df61dd0f181},0 property at 11
AudMig: Migrated {c4f6b0fa-fd32-4c99-8050-8f8a193a7e48},2 property at 12
AudMig: Migrated {c4f6b0fa-fd32-4c99-8050-8f8a193a7e48},3 property at 13
AudMig: Migrated {c4f6b0fa-fd32-4c99-8050-8f8a193a7e48},2000 property at 14
AudMig: Migrated {3ba0cd54-830f-4551-a6eb-f3eab68e3700},4 property at 15
AudMig: Migrated {3ba0cd54-830f-4551-a6eb-f3eab68e3700},6 property at 16
AudMig: Migrated {3ba0cd54-830f-4551-a6eb-f3eab68e3700},1 property at 17
AudMig: Migrated {7a8b74c8-fa66-4460-8542-d6119c59e9d4},6 property at 0
AudMig: Migrated {cfec5e42-3d00-4c9b-b7ea-cae0d67e58de},101 property at 0
AudMig: Migrated {cfec5e42-3d00-4c9b-b7ea-cae0d67e58de},102 property at 1
AudMig: Migrated {cfec5e42-3d00-4c9b-b7ea-cae0d67e58de},104 property at 2
AudMig: Migrated {cfec5e42-3d00-4c9b-b7ea-cae0d67e58de},114 property at 3
AudMig: Migrated {cfec5e42-3d00-4c9b-b7ea-cae0d67e58de},130 property at 4
AudMig: Migrated {cfec5e42-3d00-4c9b-b7ea-cae0d67e58de},135 property at 5
AudMig: Migrated {cfec5e42-3d00-4c9b-b7ea-cae0d67e58de},132 property at 6
AudMig: Migrated {cfec5e42-3d00-4c9b-b7ea-cae0d67e58de},131 property at 7
AudMig: Migrated {cfec5e42-3d00-4c9b-b7ea-cae0d67e58de},127 property at 8
AudMig: Migrated {cfec5e42-3d00-4c9b-b7ea-cae0d67e58de},115 property at 9
AudMig: Migrated {cfec5e42-3d00-4c9b-b7ea-cae0d67e58de},125 property at 10
AudMig: Migrated {cfec5e42-3d00-4c9b-b7ea-cae0d67e58de},126 property at 11
AudMig: Migrated {cfec5e42-3d00-4c9b-b7ea-cae0d67e58de},128 property at 12
AudMig: Migrated {cfec5e42-3d00-4c9b-b7ea-cae0d67e58de},129 property at 13
AudMig: Migrated {cfec5e42-3d00-4c9b-b7ea-cae0d67e58de},133 property at 14
AudMig: Migrated {cfec5e42-3d00-4c9b-b7ea-cae0d67e58de},134 property at 15
AudMig: Migrated {cfec5e42-3d00-4c9b-b7ea-cae0d67e58de},103 property at 16
AudMig: Migrated {cfec5e42-3d00-4c9b-b7ea-cae0d67e58de},113 property at 17
AudMig: Migrated {cfec5e42-3d00-4c9b-b7ea-cae0d67e58de},111 property at 18
AudMig: Migrated {cfec5e42-3d00-4c9b-b7ea-cae0d67e58de},109 property at 19
AudMig: Migrated {cfec5e42-3d00-4c9b-b7ea-cae0d67e58de},108 property at 20
AudMig: Migrated {cfec5e42-3d00-4c9b-b7ea-cae0d67e58de},136 property at 21
AudMig: Migrated {7a8b74c8-fa66-4460-8542-d6119c59e9d4},6 property at 0
AudMig: Migrated {cfec5e42-3d00-4c9b-b7ea-cae0d67e58de},504 property at 1
AudMig: Migrated {cfec5e42-3d00-4c9b-b7ea-cae0d67e58de},505 property at 2
AudMig: Migrated {cfec5e42-3d00-4c9b-b7ea-cae0d67e58de},506 property at 3
AudMig: Migrated {cfec5e42-3d00-4c9b-b7ea-cae0d67e58de},501 property at 4
AudMig: Migrated {cfec5e42-3d00-4c9b-b7ea-cae0d67e58de},502 property at 5
AudMig: Migrated {7a8b74c8-fa66-4460-8542-d6119c59e9d4},6 property at 0
AudMig: Migrated {cfec5e42-3d00-4c9b-b7ea-cae0d67e58de},304 property at 1
AudMig: Migrated {cfec5e42-3d00-4c9b-b7ea-cae0d67e58de},305 property at 2
AudMig: Migrated {cfec5e42-3d00-4c9b-b7ea-cae0d67e58de},306 property at 3
AudMig: Migrated {cfec5e42-3d00-4c9b-b7ea-cae0d67e58de},301 property at 4
AudMig: Migrated {cfec5e42-3d00-4c9b-b7ea-cae0d67e58de},302 property at 5
AudMig: Migrated {7a8b74c8-fa66-4460-8542-d6119c59e9d4},6 property at 0
AudMig: Migrated {cfec5e42-3d00-4c9b-b7ea-cae0d67e58de},404 property at 1
AudMig: Migrated {cfec5e42-3d00-4c9b-b7ea-cae0d67e58de},405 property at 2
AudMig: Migrated {cfec5e42-3d00-4c9b-b7ea-cae0d67e58de},406 property at 3
AudMig: Migrated {cfec5e42-3d00-4c9b-b7ea-cae0d67e58de},401 property at 4
AudMig: Migrated {cfec5e42-3d00-4c9b-b7ea-cae0d67e58de},402 property at 5
AudMig: Migrating role and device state from SOFTWARE\Microsoft\Windows\CurrentVersion\MMDevices\Audio\Render\{7D94C12F-F122-4184-A7DE-2E5084FEBD58} to SOFTWARE\Microsoft\Windows\CurrentVersion\MMDevices\Audio\Render\{8424A037-8D5D-4823-9FA9-60C62D1CFCF9}
AudMig: Device Ids perfect match - {2}.\\?\hdaudio#func_01&ven_10ec&dev_0294&subsys_1043132f&rev_1000#5&23a3455a&0&0001#{6994ad04-93ef-11d0-a3cc-00a0c9223196}\rearlineouttopohap3_a2b1/00010001 {2}.\\?\hdaudio#func_01&ven_10ec&dev_0294&subsys_1043132f&rev_1000#5&23a3455a&0&0001#{6994ad04-93ef-11d0-a3cc-00a0c9223196}\rearlineouttopohap3_a2b1/00010001
AudMig: Migrated {a45c254e-df1c-4efd-8020-67d146a850e0},2 property at 1
AudMig: Migrated {9637b4b9-11ee-4c35-b43c-7b2452c993cc},1 property at 12
AudMig: Migrated {259abffc-50a7-47ce-af08-68c9a7d73366},12 property at 16
AudMig: Migrated {b3f8fa53-0004-438e-9003-51a46e139bfc},0 property at 24
AudMig: Migrated {0f8412d3-dc5c-4db3-b174-dc47a859435c},0 property at 0
AudMig: Migrated {88d5b221-5f9e-41ca-8de1-f3c4c9fe77a6},83 property at 1
AudMig: Migrated {4ee51b68-0cac-4070-a89c-cecf92558176},3 property at 2
AudMig: Migrated {70eefb05-aa49-4472-99f6-cbc707f1e576},3 property at 3
AudMig: Migrated {911dff54-0b79-4e96-b3de-577f235b619b},15 property at 4
AudMig: Migrated {911dff54-0b79-4e96-b3de-577f235b619b},73 property at 5
AudMig: Migrated {911dff54-0b79-4e96-b3de-577f235b619b},45 property at 6
AudMig: Migrated {911dff54-0b79-4e96-b3de-577f235b619b},71 property at 7
AudMig: Migrated {911dff54-0b79-4e96-b3de-577f235b619b},72 property at 8
AudMig: Migrated {a21ef5e5-601f-4d5c-b10b-934c779f1a03},3 property at 9
AudMig: Migrated {c4f6b0fa-fd32-4c99-8050-8f8a193a7e48},2 property at 10
AudMig: Migrated {d86fe031-a04b-47e5-9b60-3df61dd0f181},0 property at 11
AudMig: Migrated {c4f6b0fa-fd32-4c99-8050-8f8a193a7e48},3 property at 12
AudMig: Migrated {c4f6b0fa-fd32-4c99-8050-8f8a193a7e48},2000 property at 13
AudMig: Migrated {3ba0cd54-830f-4551-a6eb-f3eab68e3700},4 property at 14
AudMig: Migrated {3ba0cd54-830f-4551-a6eb-f3eab68e3700},6 property at 15
AudMig: Migrated {3ba0cd54-830f-4551-a6eb-f3eab68e3700},1 property at 16
AudMig: Migrated {7a8b74c8-fa66-4460-8542-d6119c59e9d4},6 property at 0
AudMig: Migrated {cfec5e42-3d00-4c9b-b7ea-cae0d67e58de},101 property at 0
AudMig: Migrated {cfec5e42-3d00-4c9b-b7ea-cae0d67e58de},102 property at 1
AudMig: Migrated {cfec5e42-3d00-4c9b-b7ea-cae0d67e58de},114 property at 2
AudMig: Migrated {cfec5e42-3d00-4c9b-b7ea-cae0d67e58de},130 property at 3
AudMig: Migrated {cfec5e42-3d00-4c9b-b7ea-cae0d67e58de},135 property at 4
AudMig: Migrated {cfec5e42-3d00-4c9b-b7ea-cae0d67e58de},132 property at 5
AudMig: Migrated {cfec5e42-3d00-4c9b-b7ea-cae0d67e58de},131 property at 6
AudMig: Migrated {cfec5e42-3d00-4c9b-b7ea-cae0d67e58de},127 property at 7
AudMig: Migrated {cfec5e42-3d00-4c9b-b7ea-cae0d67e58de},115 property at 8
AudMig: Migrated {cfec5e42-3d00-4c9b-b7ea-cae0d67e58de},125 property at 9
AudMig: Migrated {cfec5e42-3d00-4c9b-b7ea-cae0d67e58de},126 property at 10
AudMig: Migrated {cfec5e42-3d00-4c9b-b7ea-cae0d67e58de},128 property at 11
AudMig: Migrated {cfec5e42-3d00-4c9b-b7ea-cae0d67e58de},129 property at 12
AudMig: Migrated {cfec5e42-3d00-4c9b-b7ea-cae0d67e58de},133 property at 13
AudMig: Migrated {cfec5e42-3d00-4c9b-b7ea-cae0d67e58de},134 property at 14
AudMig: Migrated {cfec5e42-3d00-4c9b-b7ea-cae0d67e58de},103 property at 15
AudMig: Migrated {7a8b74c8-fa66-4460-8542-d6119c59e9d4},6 property at 0
AudMig: Migrated {7a8b74c8-fa66-4460-8542-d6119c59e9d4},6 property at 0
AudMig: Migrated {7a8b74c8-fa66-4460-8542-d6119c59e9d4},6 property at 0
AudMig: Migrating role and device state from SOFTWARE\Microsoft\Windows\CurrentVersion\MMDevices\Audio\Render\{DAEDA8F3-1A77-4DAB-8DB6-941443DD4983} to SOFTWARE\Microsoft\Windows\CurrentVersion\MMDevices\Audio\Render\{3B35CB5D-30F6-48F9-A877-5AD8702455D6}
AudMig: Device Ids perfect match - {2}.\\?\hdaudio#func_01&ven_10ec&dev_0294&subsys_1043132f&rev_1000#5&23a3455a&0&0001#{6994ad04-93ef-11d0-a3cc-00a0c9223196}\rtmicintopo_a2b1/00010001 {2}.\\?\hdaudio#func_01&ven_10ec&dev_0294&subsys_1043132f&rev_1000#5&23a3455a&0&0001#{6994ad04-93ef-11d0-a3cc-00a0c9223196}\rtmicintopo_a2b1/00010001
AudMig: Migrated {a45c254e-df1c-4efd-8020-67d146a850e0},2 property at 1
AudMig: Migrated {9637b4b9-11ee-4c35-b43c-7b2452c993cc},1 property at 12
AudMig: Migrated {259abffc-50a7-47ce-af08-68c9a7d73366},12 property at 16
AudMig: Migrated {b3f8fa53-0004-438e-9003-51a46e139bfc},0 property at 21
AudMig: Migrated {0f8412d3-dc5c-4db3-b174-dc47a859435c},0 property at 0
AudMig: Migrated {88d5b221-5f9e-41ca-8de1-f3c4c9fe77a6},83 property at 1
AudMig: Migrated {4ee51b68-0cac-4070-a89c-cecf92558176},3 property at 2
AudMig: Migrated {16b04f29-43a8-4bf5-81e8-3a2c52be0913},0 property at 3
AudMig: Migrated {70eefb05-aa49-4472-99f6-cbc707f1e576},2 property at 4
AudMig: Migrated {911dff54-0b79-4e96-b3de-577f235b619b},15 property at 5
AudMig: Migrated {911dff54-0b79-4e96-b3de-577f235b619b},73 property at 6
AudMig: Migrated {911dff54-0b79-4e96-b3de-577f235b619b},45 property at 7
AudMig: Migrated {911dff54-0b79-4e96-b3de-577f235b619b},71 property at 8
AudMig: Migrated {911dff54-0b79-4e96-b3de-577f235b619b},72 property at 9
AudMig: Migrated {911dff54-0b79-4e96-b3de-577f235b619b},2 property at 10
AudMig: Migrated {911dff54-0b79-4e96-b3de-577f235b619b},22 property at 11
AudMig: Migrated {a21ef5e5-601f-4d5c-b10b-934c779f1a03},3 property at 12
AudMig: Migrated {1e99d4a8-6f5d-4170-a207-ae86976df3f6},0 property at 13
AudMig: Migrated {c4f6b0fa-fd32-4c99-8050-8f8a193a7e48},2 property at 14
AudMig: Migrated {d86fe031-a04b-47e5-9b60-3df61dd0f181},0 property at 15
AudMig: Migrated {c4f6b0fa-fd32-4c99-8050-8f8a193a7e48},2000 property at 16
AudMig: Migrated {c4f6b0fa-fd32-4c99-8050-8f8a193a7e48},3 property at 17
AudMig: Migrated {3ba0cd54-830f-4551-a6eb-f3eab68e3700},17 property at 18
AudMig: Migrated {83f774ae-6ad4-4737-98cc-6092e12453cc},8 property at 19
AudMig: Migrating role and device state from SOFTWARE\Microsoft\Windows\CurrentVersion\MMDevices\Audio\Capture\{6EFD2DB0-1F79-4B34-96FD-94200735D2B3} to SOFTWARE\Microsoft\Windows\CurrentVersion\MMDevices\Audio\Capture\{FC8C776A-3F54-4FB5-83E7-ADEC007F94E2}
AudMig: Device Ids perfect match - {2}.\\?\hdaudio#func_01&ven_10ec&dev_0294&subsys_1043132f&rev_1000#5&23a3455a&0&0001#{6994ad04-93ef-11d0-a3cc-00a0c9223196}\rtmicartopo_a2b1/00010001 {2}.\\?\hdaudio#func_01&ven_10ec&dev_0294&subsys_1043132f&rev_1000#5&23a3455a&0&0001#{6994ad04-93ef-11d0-a3cc-00a0c9223196}\rtmicartopo_a2b1/00010001
AudMig: Migrated {a45c254e-df1c-4efd-8020-67d146a850e0},2 property at 1
AudMig: Migrated {9637b4b9-11ee-4c35-b43c-7b2452c993cc},1 property at 12
AudMig: Migrated {259abffc-50a7-47ce-af08-68c9a7d73366},12 property at 16
AudMig: Migrated {b3f8fa53-0004-438e-9003-51a46e139bfc},0 property at 21
AudMig: Migrated {f19f064d-082c-4e27-bc73-6882a1bb8e4c},0 property at 50
AudMig: Migrated {0f8412d3-dc5c-4db3-b174-dc47a859435c},0 property at 0
AudMig: Migrated {c4f6b0fa-fd32-4c99-8050-8f8a193a7e48},0 property at 1
AudMig: Migrated {1e99d4a8-6f5d-4170-a207-ae86976df3f6},0 property at 2
AudMig: Migrated {88d5b221-5f9e-41ca-8de1-f3c4c9fe77a6},83 property at 3
AudMig: Migrated {4ee51b68-0cac-4070-a89c-cecf92558176},3 property at 4
AudMig: Migrated {16b04f29-43a8-4bf5-81e8-3a2c52be0913},0 property at 5
AudMig: Migrated {70eefb05-aa49-4472-99f6-cbc707f1e576},1 property at 6
AudMig: Migrated {70eefb05-aa49-4472-99f6-cbc707f1e576},2 property at 7
AudMig: Migrated {911dff54-0b79-4e96-b3de-577f235b619b},15 property at 8
AudMig: Migrated {911dff54-0b79-4e96-b3de-577f235b619b},73 property at 9
AudMig: Migrated {911dff54-0b79-4e96-b3de-577f235b619b},45 property at 10
AudMig: Migrated {911dff54-0b79-4e96-b3de-577f235b619b},71 property at 11
AudMig: Migrated {911dff54-0b79-4e96-b3de-577f235b619b},72 property at 12
AudMig: Migrated {911dff54-0b79-4e96-b3de-577f235b619b},2 property at 13
AudMig: Migrated {911dff54-0b79-4e96-b3de-577f235b619b},22 property at 14
AudMig: Migrated {a21ef5e5-601f-4d5c-b10b-934c779f1a03},3 property at 15
AudMig: Migrated {d86fe031-a04b-47e5-9b60-3df61dd0f181},0 property at 16
AudMig: Migrated {c4f6b0fa-fd32-4c99-8050-8f8a193a7e48},2 property at 17
AudMig: Migrated {c4f6b0fa-fd32-4c99-8050-8f8a193a7e48},2000 property at 18
AudMig: Migrated {c4f6b0fa-fd32-4c99-8050-8f8a193a7e48},3 property at 19
AudMig: Migrated {c9c1a064-fcf2-401f-8f30-b9e899f7c617},0 property at 20
AudMig: Migrated {c9c1a064-fcf2-401f-8f30-b9e899f7c617},1 property at 21
AudMig: Migrated {65973247-5903-4308-9fb2-b952e36b39fd},1 property at 22
AudMig: Migrated {10786eac-45af-49ea-9182-4b994bd075e8},1 property at 23
AudMig: Migrated {10786eac-45af-49ea-9182-4b994bd075e8},0 property at 24
AudMig: Migrated {3ba0cd54-830f-4551-a6eb-f3eab68e3700},17 property at 25
AudMig: Migrated {83f774ae-6ad4-4737-98cc-6092e12453cc},8 property at 26
AudMig: Migrating role and device state from SOFTWARE\Microsoft\Windows\CurrentVersion\MMDevices\Audio\Capture\{40FAB2DC-BF15-48AB-9E2D-106527CB1E86} to SOFTWARE\Microsoft\Windows\CurrentVersion\MMDevices\Audio\Capture\{AD6A0816-94BA-439C-8FAD-C0981A3F7C42}
AudMig: Device Ids perfect match - {2}.\\?\hdaudio#func_01&ven_10ec&dev_0294&subsys_1043132f&rev_1000#5&23a3455a&0&0001#{6994ad04-93ef-11d0-a3cc-00a0c9223196}\rtstereomixtopo_a2b1/00010001 {2}.\\?\hdaudio#func_01&ven_10ec&dev_0294&subsys_1043132f&rev_1000#5&23a3455a&0&0001#{6994ad04-93ef-11d0-a3cc-00a0c9223196}\rtstereomixtopo_a2b1/00010001
AudMig: Migrated {a45c254e-df1c-4efd-8020-67d146a850e0},2 property at 1
AudMig: Migrated {9637b4b9-11ee-4c35-b43c-7b2452c993cc},1 property at 12
AudMig: Migrated {259abffc-50a7-47ce-af08-68c9a7d73366},12 property at 16
AudMig: Migrated {b3f8fa53-0004-438e-9003-51a46e139bfc},0 property at 21
AudMig: Migrated {0f8412d3-dc5c-4db3-b174-dc47a859435c},0 property at 0
AudMig: Migrated {c4f6b0fa-fd32-4c99-8050-8f8a193a7e48},2 property at 1
AudMig: Migrated {88d5b221-5f9e-41ca-8de1-f3c4c9fe77a6},83 property at 2
AudMig: Migrated {d86fe031-a04b-47e5-9b60-3df61dd0f181},0 property at 3
AudMig: Migrated {c4f6b0fa-fd32-4c99-8050-8f8a193a7e48},3 property at 4
AudMig: Migrating role and device state from SOFTWARE\Microsoft\Windows\CurrentVersion\MMDevices\Audio\Capture\{9DA6592F-FD18-4BDC-A9A6-A49250186C6C} to SOFTWARE\Microsoft\Windows\CurrentVersion\MMDevices\Audio\Capture\{0686DC96-E19B-4534-BA8B-76E2FE435032}
AudMig: Device Ids perfect match - {2}.\\?\hdaudio#func_01&ven_10ec&dev_0294&subsys_1043132f&rev_1000#5&23a3455a&0&0001#{6994ad04-93ef-11d0-a3cc-00a0c9223196}\rearlineouttopohap_a2b1/00010001 {2}.\\?\hdaudio#func_01&ven_10ec&dev_0294&subsys_1043132f&rev_1000#5&23a3455a&0&0001#{6994ad04-93ef-11d0-a3cc-00a0c9223196}\rearlineouttopohap_a2b1/00010001
AudMig: Migrated {a45c254e-df1c-4efd-8020-67d146a850e0},2 property at 1
AudMig: Migrated {9637b4b9-11ee-4c35-b43c-7b2452c993cc},1 property at 12
AudMig: Migrated {259abffc-50a7-47ce-af08-68c9a7d73366},12 property at 16
AudMig: Migrated {b3f8fa53-0004-438e-9003-51a46e139bfc},0 property at 24
AudMig: Migrated {24dbb0fc-9311-4b3d-9cf0-18ff155639d4},0 property at 25
AudMig: Migrated {24dbb0fc-9311-4b3d-9cf0-18ff155639d4},1 property at 26
AudMig: Migrated {6737016f-5360-48ee-af05-e616c8ff27a7},2 property at 27
AudMig: Migrated {fd8a7b27-0b18-4025-ab1c-bdd6b32e1604},2 property at 28
AudMig: Migrated {908dba32-edff-4c28-8e45-c918561f6748},2 property at 29
AudMig: Migrated {913bc9a7-624b-4a30-96ac-5064a9fc6589},2 property at 30
AudMig: Migrated {a45429a4-aa63-4480-b7f8-3f2552daee93},2 property at 31
AudMig: Migrated {a45429a4-aa63-4480-b7f8-3f2552daee93},3 property at 32
AudMig: Migrated {a45429a4-aa63-4480-b7f8-3f2552daee93},4 property at 33
AudMig: Migrated {a45429a4-aa63-4480-b7f8-3f2552daee93},5 property at 34
AudMig: Migrated {a45429a4-aa63-4480-b7f8-3f2552daee93},6 property at 35
AudMig: Migrated {b7a0c3a5-e0f3-4995-bac8-0ad9aba9d0ed},0 property at 36
AudMig: Migrated {f19f064d-082c-4e27-bc73-6882a1bb8e4c},0 property at 68
AudMig: Migrated {0f8412d3-dc5c-4db3-b174-dc47a859435c},0 property at 0
AudMig: Migrated {c4f6b0fa-fd32-4c99-8050-8f8a193a7e48},0 property at 1
AudMig: Migrated {88d5b221-5f9e-41ca-8de1-f3c4c9fe77a6},83 property at 2
AudMig: Migrated {4ee51b68-0cac-4070-a89c-cecf92558176},3 property at 3
AudMig: Migrated {70eefb05-aa49-4472-99f6-cbc707f1e576},3 property at 4
AudMig: Migrated {911dff54-0b79-4e96-b3de-577f235b619b},15 property at 5
AudMig: Migrated {911dff54-0b79-4e96-b3de-577f235b619b},73 property at 6
AudMig: Migrated {911dff54-0b79-4e96-b3de-577f235b619b},45 property at 7
AudMig: Migrated {911dff54-0b79-4e96-b3de-577f235b619b},71 property at 8
AudMig: Migrated {911dff54-0b79-4e96-b3de-577f235b619b},72 property at 9
AudMig: Migrated {a21ef5e5-601f-4d5c-b10b-934c779f1a03},3 property at 10
AudMig: Migrated {d86fe031-a04b-47e5-9b60-3df61dd0f181},0 property at 11
AudMig: Migrated {c4f6b0fa-fd32-4c99-8050-8f8a193a7e48},2 property at 12
AudMig: Migrated {c4f6b0fa-fd32-4c99-8050-8f8a193a7e48},3 property at 13
AudMig: Migrated {c4f6b0fa-fd32-4c99-8050-8f8a193a7e48},2000 property at 14
AudMig: Migrated {3ba0cd54-830f-4551-a6eb-f3eab68e3700},4 property at 15
AudMig: Migrated {3ba0cd54-830f-4551-a6eb-f3eab68e3700},6 property at 16
AudMig: Migrated {3ba0cd54-830f-4551-a6eb-f3eab68e3700},1 property at 17
AudMig: Migrated {7a8b74c8-fa66-4460-8542-d6119c59e9d4},6 property at 0
AudMig: Migrated {cfec5e42-3d00-4c9b-b7ea-cae0d67e58de},101 property at 0
AudMig: Migrated {cfec5e42-3d00-4c9b-b7ea-cae0d67e58de},102 property at 1
AudMig: Migrated {cfec5e42-3d00-4c9b-b7ea-cae0d67e58de},104 property at 2
AudMig: Migrated {cfec5e42-3d00-4c9b-b7ea-cae0d67e58de},114 property at 3
AudMig: Migrated {cfec5e42-3d00-4c9b-b7ea-cae0d67e58de},130 property at 4
AudMig: Migrated {cfec5e42-3d00-4c9b-b7ea-cae0d67e58de},135 property at 5
AudMig: Migrated {cfec5e42-3d00-4c9b-b7ea-cae0d67e58de},132 property at 6
AudMig: Migrated {cfec5e42-3d00-4c9b-b7ea-cae0d67e58de},131 property at 7
AudMig: Migrated {cfec5e42-3d00-4c9b-b7ea-cae0d67e58de},127 property at 8
AudMig: Migrated {cfec5e42-3d00-4c9b-b7ea-cae0d67e58de},115 property at 9
AudMig: Migrated {cfec5e42-3d00-4c9b-b7ea-cae0d67e58de},125 property at 10
AudMig: Migrated {cfec5e42-3d00-4c9b-b7ea-cae0d67e58de},126 property at 11
AudMig: Migrated {cfec5e42-3d00-4c9b-b7ea-cae0d67e58de},128 property at 12
AudMig: Migrated {cfec5e42-3d00-4c9b-b7ea-cae0d67e58de},129 property at 13
AudMig: Migrated {cfec5e42-3d00-4c9b-b7ea-cae0d67e58de},133 property at 14
AudMig: Migrated {cfec5e42-3d00-4c9b-b7ea-cae0d67e58de},134 property at 15
AudMig: Migrated {cfec5e42-3d00-4c9b-b7ea-cae0d67e58de},103 property at 16
AudMig: Migrated {cfec5e42-3d00-4c9b-b7ea-cae0d67e58de},113 property at 17
AudMig: Migrated {cfec5e42-3d00-4c9b-b7ea-cae0d67e58de},111 property at 18
AudMig: Migrated {cfec5e42-3d00-4c9b-b7ea-cae0d67e58de},109 property at 19
AudMig: Migrated {cfec5e42-3d00-4c9b-b7ea-cae0d67e58de},108 property at 20
AudMig: Migrated {cfec5e42-3d00-4c9b-b7ea-cae0d67e58de},136 property at 21
AudMig: Migrated {7a8b74c8-fa66-4460-8542-d6119c59e9d4},6 property at 0
AudMig: Migrated {cfec5e42-3d00-4c9b-b7ea-cae0d67e58de},504 property at 1
AudMig: Migrated {cfec5e42-3d00-4c9b-b7ea-cae0d67e58de},505 property at 2
AudMig: Migrated {cfec5e42-3d00-4c9b-b7ea-cae0d67e58de},506 property at 3
AudMig: Migrated {cfec5e42-3d00-4c9b-b7ea-cae0d67e58de},501 property at 4
AudMig: Migrated {cfec5e42-3d00-4c9b-b7ea-cae0d67e58de},502 property at 5
AudMig: Migrated {7a8b74c8-fa66-4460-8542-d6119c59e9d4},6 property at 0
AudMig: Migrated {cfec5e42-3d00-4c9b-b7ea-cae0d67e58de},304 property at 1
AudMig: Migrated {cfec5e42-3d00-4c9b-b7ea-cae0d67e58de},305 property at 2
AudMig: Migrated {cfec5e42-3d00-4c9b-b7ea-cae0d67e58de},306 property at 3
AudMig: Migrated {cfec5e42-3d00-4c9b-b7ea-cae0d67e58de},301 property at 4
AudMig: Migrated {cfec5e42-3d00-4c9b-b7ea-cae0d67e58de},302 property at 5
AudMig: Migrated {7a8b74c8-fa66-4460-8542-d6119c59e9d4},6 property at 0
AudMig: Migrated {cfec5e42-3d00-4c9b-b7ea-cae0d67e58de},404 property at 1
AudMig: Migrated {cfec5e42-3d00-4c9b-b7ea-cae0d67e58de},405 property at 2
AudMig: Migrated {cfec5e42-3d00-4c9b-b7ea-cae0d67e58de},406 property at 3
AudMig: Migrated {cfec5e42-3d00-4c9b-b7ea-cae0d67e58de},401 property at 4
AudMig: Migrated {cfec5e42-3d00-4c9b-b7ea-cae0d67e58de},402 property at 5
AudMig: Migrating role and device state from SOFTWARE\Microsoft\Windows\CurrentVersion\MMDevices\Audio\Render\{8424A037-8D5D-4823-9FA9-60C62D1CFCF9} to SOFTWARE\Microsoft\Windows\CurrentVersion\MMDevices\Audio\Render\{31E35F2C-F6EA-46E0-A175-34568DCE7A17}
AudMig: Device Ids perfect match - {2}.\\?\hdaudio#func_01&ven_10ec&dev_0294&subsys_1043132f&rev_1000#5&23a3455a&0&0001#{6994ad04-93ef-11d0-a3cc-00a0c9223196}\rearlineouttopohap3_a2b1/00010001 {2}.\\?\hdaudio#func_01&ven_10ec&dev_0294&subsys_1043132f&rev_1000#5&23a3455a&0&0001#{6994ad04-93ef-11d0-a3cc-00a0c9223196}\rearlineouttopohap3_a2b1/00010001
AudMig: Migrated {a45c254e-df1c-4efd-8020-67d146a850e0},2 property at 1
AudMig: Migrated {9637b4b9-11ee-4c35-b43c-7b2452c993cc},1 property at 12
AudMig: Migrated {259abffc-50a7-47ce-af08-68c9a7d73366},12 property at 16
AudMig: Migrated {b3f8fa53-0004-438e-9003-51a46e139bfc},0 property at 24
AudMig: Migrated {0f8412d3-dc5c-4db3-b174-dc47a859435c},0 property at 0
AudMig: Migrated {88d5b221-5f9e-41ca-8de1-f3c4c9fe77a6},83 property at 1
AudMig: Migrated {4ee51b68-0cac-4070-a89c-cecf92558176},3 property at 2
AudMig: Migrated {70eefb05-aa49-4472-99f6-cbc707f1e576},3 property at 3
AudMig: Migrated {911dff54-0b79-4e96-b3de-577f235b619b},15 property at 4
AudMig: Migrated {911dff54-0b79-4e96-b3de-577f235b619b},73 property at 5
AudMig: Migrated {911dff54-0b79-4e96-b3de-577f235b619b},45 property at 6
AudMig: Migrated {911dff54-0b79-4e96-b3de-577f235b619b},71 property at 7
AudMig: Migrated {911dff54-0b79-4e96-b3de-577f235b619b},72 property at 8
AudMig: Migrated {a21ef5e5-601f-4d5c-b10b-934c779f1a03},3 property at 9
AudMig: Migrated {c4f6b0fa-fd32-4c99-8050-8f8a193a7e48},2 property at 10
AudMig: Migrated {d86fe031-a04b-47e5-9b60-3df61dd0f181},0 property at 11
AudMig: Migrated {c4f6b0fa-fd32-4c99-8050-8f8a193a7e48},3 property at 12
AudMig: Migrated {c4f6b0fa-fd32-4c99-8050-8f8a193a7e48},2000 property at 13
AudMig: Migrated {3ba0cd54-830f-4551-a6eb-f3eab68e3700},4 property at 14
AudMig: Migrated {3ba0cd54-830f-4551-a6eb-f3eab68e3700},6 property at 15
AudMig: Migrated {3ba0cd54-830f-4551-a6eb-f3eab68e3700},1 property at 16
AudMig: Migrated {7a8b74c8-fa66-4460-8542-d6119c59e9d4},6 property at 0
AudMig: Migrated {cfec5e42-3d00-4c9b-b7ea-cae0d67e58de},101 property at 0
AudMig: Migrated {cfec5e42-3d00-4c9b-b7ea-cae0d67e58de},102 property at 1
AudMig: Migrated {cfec5e42-3d00-4c9b-b7ea-cae0d67e58de},114 property at 2
AudMig: Migrated {cfec5e42-3d00-4c9b-b7ea-cae0d67e58de},130 property at 3
AudMig: Migrated {cfec5e42-3d00-4c9b-b7ea-cae0d67e58de},135 property at 4
AudMig: Migrated {cfec5e42-3d00-4c9b-b7ea-cae0d67e58de},132 property at 5
AudMig: Migrated {cfec5e42-3d00-4c9b-b7ea-cae0d67e58de},131 property at 6
AudMig: Migrated {cfec5e42-3d00-4c9b-b7ea-cae0d67e58de},127 property at 7
AudMig: Migrated {cfec5e42-3d00-4c9b-b7ea-cae0d67e58de},115 property at 8
AudMig: Migrated {cfec5e42-3d00-4c9b-b7ea-cae0d67e58de},125 property at 9
AudMig: Migrated {cfec5e42-3d00-4c9b-b7ea-cae0d67e58de},126 property at 10
AudMig: Migrated {cfec5e42-3d00-4c9b-b7ea-cae0d67e58de},128 property at 11
AudMig: Migrated {cfec5e42-3d00-4c9b-b7ea-cae0d67e58de},129 property at 12
AudMig: Migrated {cfec5e42-3d00-4c9b-b7ea-cae0d67e58de},133 property at 13
AudMig: Migrated {cfec5e42-3d00-4c9b-b7ea-cae0d67e58de},134 property at 14
AudMig: Migrated {cfec5e42-3d00-4c9b-b7ea-cae0d67e58de},103 property at 15
AudMig: Migrated {7a8b74c8-fa66-4460-8542-d6119c59e9d4},6 property at 0
AudMig: Migrated {7a8b74c8-fa66-4460-8542-d6119c59e9d4},6 property at 0
AudMig: Migrated {7a8b74c8-fa66-4460-8542-d6119c59e9d4},6 property at 0
AudMig: Migrating role and device state from SOFTWARE\Microsoft\Windows\CurrentVersion\MMDevices\Audio\Render\{3B35CB5D-30F6-48F9-A877-5AD8702455D6} to SOFTWARE\Microsoft\Windows\CurrentVersion\MMDevices\Audio\Render\{9A723316-6A93-4B89-863F-282A88D20AAA}
AudMig: Device Ids perfect match - {2}.\\?\hdaudio#func_01&ven_10ec&dev_0294&subsys_1043132f&rev_1000#5&23a3455a&0&0001#{6994ad04-93ef-11d0-a3cc-00a0c9223196}\rtmicintopo_a2b1/00010001 {2}.\\?\hdaudio#func_01&ven_10ec&dev_0294&subsys_1043132f&rev_1000#5&23a3455a&0&0001#{6994ad04-93ef-11d0-a3cc-00a0c9223196}\rtmicintopo_a2b1/00010001
AudMig: Migrated {a45c254e-df1c-4efd-8020-67d146a850e0},2 property at 1
AudMig: Migrated {9637b4b9-11ee-4c35-b43c-7b2452c993cc},1 property at 12
AudMig: Migrated {259abffc-50a7-47ce-af08-68c9a7d73366},12 property at 16
AudMig: Migrated {b3f8fa53-0004-438e-9003-51a46e139bfc},0 property at 21
AudMig: Migrated {0f8412d3-dc5c-4db3-b174-dc47a859435c},0 property at 0
AudMig: Migrated {88d5b221-5f9e-41ca-8de1-f3c4c9fe77a6},83 property at 1
AudMig: Migrated {4ee51b68-0cac-4070-a89c-cecf92558176},3 property at 2
AudMig: Migrated {16b04f29-43a8-4bf5-81e8-3a2c52be0913},0 property at 3
AudMig: Migrated {70eefb05-aa49-4472-99f6-cbc707f1e576},2 property at 4
AudMig: Migrated {911dff54-0b79-4e96-b3de-577f235b619b},15 property at 5
AudMig: Migrated {911dff54-0b79-4e96-b3de-577f235b619b},73 property at 6
AudMig: Migrated {911dff54-0b79-4e96-b3de-577f235b619b},45 property at 7
AudMig: Migrated {911dff54-0b79-4e96-b3de-577f235b619b},71 property at 8
AudMig: Migrated {911dff54-0b79-4e96-b3de-577f235b619b},72 property at 9
AudMig: Migrated {911dff54-0b79-4e96-b3de-577f235b619b},2 property at 10
AudMig: Migrated {911dff54-0b79-4e96-b3de-577f235b619b},22 property at 11
AudMig: Migrated {a21ef5e5-601f-4d5c-b10b-934c779f1a03},3 property at 12
AudMig: Migrated {1e99d4a8-6f5d-4170-a207-ae86976df3f6},0 property at 13
AudMig: Migrated {c4f6b0fa-fd32-4c99-8050-8f8a193a7e48},2 property at 14
AudMig: Migrated {d86fe031-a04b-47e5-9b60-3df61dd0f181},0 property at 15
AudMig: Migrated {c4f6b0fa-fd32-4c99-8050-8f8a193a7e48},2000 property at 16
AudMig: Migrated {c4f6b0fa-fd32-4c99-8050-8f8a193a7e48},3 property at 17
AudMig: Migrated {3ba0cd54-830f-4551-a6eb-f3eab68e3700},17 property at 18
AudMig: Migrated {83f774ae-6ad4-4737-98cc-6092e12453cc},8 property at 19
AudMig: Migrating role and device state from SOFTWARE\Microsoft\Windows\CurrentVersion\MMDevices\Audio\Capture\{FC8C776A-3F54-4FB5-83E7-ADEC007F94E2} to SOFTWARE\Microsoft\Windows\CurrentVersion\MMDevices\Audio\Capture\{3AF1A575-B329-4044-9B9C-5C594E4F36C9}
AudMig: Device Ids perfect match - {2}.\\?\bthhfenum#bthhfpaudio#9&8eb77ac&0&97#{6994ad04-93ef-11d0-a3cc-00a0c9223196}\wave/00010001 {2}.\\?\bthhfenum#bthhfpaudio#9&8eb77ac&0&97#{6994ad04-93ef-11d0-a3cc-00a0c9223196}\wave/00010001
AudMig: Migrated {a45c254e-df1c-4efd-8020-67d146a850e0},2 property at 1
AudMig: Migrated {9637b4b9-11ee-4c35-b43c-7b2452c993cc},1 property at 12
AudMig: Migrated {259abffc-50a7-47ce-af08-68c9a7d73366},12 property at 18
AudMig: Migrated {b3f8fa53-0004-438e-9003-51a46e139bfc},0 property at 24
AudMig: Migrated {6737016f-5360-48ee-af05-e616c8ff27a7},2 property at 25
AudMig: Migrated {fd8a7b27-0b18-4025-ab1c-bdd6b32e1604},2 property at 26
AudMig: Migrated {908dba32-edff-4c28-8e45-c918561f6748},2 property at 27
AudMig: Migrated {913bc9a7-624b-4a30-96ac-5064a9fc6589},2 property at 28
AudMig: Migrated {f19f064d-082c-4e27-bc73-6882a1bb8e4c},0 property at 49
AudMig: Migrating role and device state from SOFTWARE\Microsoft\Windows\CurrentVersion\MMDevices\Audio\Render\{4DCB80BD-189C-4812-8978-FB7FAE58E5F6} to SOFTWARE\Microsoft\Windows\CurrentVersion\MMDevices\Audio\Render\{94E20883-176C-476C-BD36-931D4DFCF3DB}
AudMig: Device Ids perfect match - {2}.\\?\bthhfenum#bthhfpaudio#9&185ef684&0&97#{6994ad04-93ef-11d0-a3cc-00a0c9223196}\wave/00010001 {2}.\\?\bthhfenum#bthhfpaudio#9&185ef684&0&97#{6994ad04-93ef-11d0-a3cc-00a0c9223196}\wave/00010001
AudMig: Migrated {a45c254e-df1c-4efd-8020-67d146a850e0},2 property at 1
AudMig: Migrated {9637b4b9-11ee-4c35-b43c-7b2452c993cc},1 property at 12
AudMig: Migrated {259abffc-50a7-47ce-af08-68c9a7d73366},12 property at 19
AudMig: Migrated {b3f8fa53-0004-438e-9003-51a46e139bfc},0 property at 27
AudMig: Migrated {6737016f-5360-48ee-af05-e616c8ff27a7},2 property at 28
AudMig: Migrated {fd8a7b27-0b18-4025-ab1c-bdd6b32e1604},2 property at 29
AudMig: Migrated {908dba32-edff-4c28-8e45-c918561f6748},2 property at 30
AudMig: Migrated {913bc9a7-624b-4a30-96ac-5064a9fc6589},2 property at 31
AudMig: Migrated {24dbb0fc-9311-4b3d-9cf0-18ff155639d4},0 property at 32
AudMig: Migrated {24dbb0fc-9311-4b3d-9cf0-18ff155639d4},1 property at 33
AudMig: Migrated {f19f064d-082c-4e27-bc73-6882a1bb8e4c},0 property at 54
AudMig: Migrating role and device state from SOFTWARE\Microsoft\Windows\CurrentVersion\MMDevices\Audio\Render\{D2F756B7-1BD1-41C5-AF48-DE089396F7E5} to SOFTWARE\Microsoft\Windows\CurrentVersion\MMDevices\Audio\Render\{AF6D7F27-2E4B-4D5E-970A-FA1135134D25}
AudMig: Device Ids perfect match - {2}.\\?\bthhfenum#bthhfpaudio#9&ec26a09&0&97#{6994ad04-93ef-11d0-a3cc-00a0c9223196}\wave/00010001 {2}.\\?\bthhfenum#bthhfpaudio#9&ec26a09&0&97#{6994ad04-93ef-11d0-a3cc-00a0c9223196}\wave/00010001
AudMig: Migrated {a45c254e-df1c-4efd-8020-67d146a850e0},2 property at 1
AudMig: Migrated {9637b4b9-11ee-4c35-b43c-7b2452c993cc},1 property at 12
AudMig: Migrated {259abffc-50a7-47ce-af08-68c9a7d73366},12 property at 18
AudMig: Migrated {b3f8fa53-0004-438e-9003-51a46e139bfc},0 property at 24
AudMig: Migrated {6737016f-5360-48ee-af05-e616c8ff27a7},2 property at 25
AudMig: Migrated {fd8a7b27-0b18-4025-ab1c-bdd6b32e1604},2 property at 26
AudMig: Migrated {908dba32-edff-4c28-8e45-c918561f6748},2 property at 27
AudMig: Migrated {913bc9a7-624b-4a30-96ac-5064a9fc6589},2 property at 28
AudMig: Migrated {24dbb0fc-9311-4b3d-9cf0-18ff155639d4},1 property at 29
AudMig: Migrated {24dbb0fc-9311-4b3d-9cf0-18ff155639d4},0 property at 30
AudMig: Migrated {f19f064d-082c-4e27-bc73-6882a1bb8e4c},0 property at 51
AudMig: Migrating role and device state from SOFTWARE\Microsoft\Windows\CurrentVersion\MMDevices\Audio\Render\{D319801F-1B76-4234-9719-787C63AA476B} to SOFTWARE\Microsoft\Windows\CurrentVersion\MMDevices\Audio\Render\{A1EE2B85-8F22-4A0E-BDC7-D5B18C98C38D}
AudMig: Device Ids perfect match - {2}.\\?\bthhfenum#bthhfpaudio#9&f2d3185&0&97#{6994ad04-93ef-11d0-a3cc-00a0c9223196}\wave/00010001 {2}.\\?\bthhfenum#bthhfpaudio#9&f2d3185&0&97#{6994ad04-93ef-11d0-a3cc-00a0c9223196}\wave/00010001
AudMig: Migrated {a45c254e-df1c-4efd-8020-67d146a850e0},2 property at 1
AudMig: Migrated {9637b4b9-11ee-4c35-b43c-7b2452c993cc},1 property at 12
AudMig: Migrated {259abffc-50a7-47ce-af08-68c9a7d73366},12 property at 18
AudMig: Migrated {b3f8fa53-0004-438e-9003-51a46e139bfc},0 property at 24
AudMig: Migrated {24dbb0fc-9311-4b3d-9cf0-18ff155639d4},0 property at 25
AudMig: Migrated {24dbb0fc-9311-4b3d-9cf0-18ff155639d4},1 property at 26
AudMig: Migrated {6737016f-5360-48ee-af05-e616c8ff27a7},2 property at 27
AudMig: Migrated {fd8a7b27-0b18-4025-ab1c-bdd6b32e1604},2 property at 28
AudMig: Migrated {908dba32-edff-4c28-8e45-c918561f6748},2 property at 29
AudMig: Migrated {913bc9a7-624b-4a30-96ac-5064a9fc6589},2 property at 30
AudMig: Migrated {f19f064d-082c-4e27-bc73-6882a1bb8e4c},0 property at 66
AudMig: Migrated {70eefb05-aa49-4472-99f6-cbc707f1e576},3 property at 0
AudMig: Migrated {c4f6b0fa-fd32-4c99-8050-8f8a193a7e48},3 property at 1
AudMig: Migrated {c4f6b0fa-fd32-4c99-8050-8f8a193a7e48},2000 property at 2
AudMig: Migrated {c4f6b0fa-fd32-4c99-8050-8f8a193a7e48},2 property at 3
AudMig: Migrated {88d5b221-5f9e-41ca-8de1-f3c4c9fe77a6},83 property at 4
AudMig: Migrated {c4f6b0fa-fd32-4c99-8050-8f8a193a7e48},0 property at 5
AudMig: Migrated {d04e05a6-594b-4fb6-a80d-01af5eed7d1d},0 property at 6
AudMig: Migrating role and device state from SOFTWARE\Microsoft\Windows\CurrentVersion\MMDevices\Audio\Render\{E89CF6F2-A777-4404-9207-2A738900BDF1} to SOFTWARE\Microsoft\Windows\CurrentVersion\MMDevices\Audio\Render\{249ABAF4-08FF-404E-82BE-C8DE1DE0CAAF}
AudMig: Device Ids perfect match - {2}.\\?\bthhfenum#bthhfpaudio#9&185ef684&0&97#{6994ad04-93ef-11d0-a3cc-00a0c9223196}\wave/00010002 {2}.\\?\bthhfenum#bthhfpaudio#9&185ef684&0&97#{6994ad04-93ef-11d0-a3cc-00a0c9223196}\wave/00010002
AudMig: Migrated {a45c254e-df1c-4efd-8020-67d146a850e0},2 property at 1
AudMig: Migrated {9637b4b9-11ee-4c35-b43c-7b2452c993cc},1 property at 12
AudMig: Migrated {259abffc-50a7-47ce-af08-68c9a7d73366},12 property at 19
AudMig: Migrated {b3f8fa53-0004-438e-9003-51a46e139bfc},0 property at 27
AudMig: Migrating role and device state from SOFTWARE\Microsoft\Windows\CurrentVersion\MMDevices\Audio\Capture\{41BC8070-69CD-43C4-82AD-4EADF213D0E0} to SOFTWARE\Microsoft\Windows\CurrentVersion\MMDevices\Audio\Capture\{B77A8395-F077-4F1C-B437-96AB02217E7D}
AudMig: Device Ids perfect match - {2}.\\?\bthhfenum#bthhfpaudio#9&8eb77ac&0&97#{6994ad04-93ef-11d0-a3cc-00a0c9223196}\wave/00010002 {2}.\\?\bthhfenum#bthhfpaudio#9&8eb77ac&0&97#{6994ad04-93ef-11d0-a3cc-00a0c9223196}\wave/00010002
AudMig: Migrated {a45c254e-df1c-4efd-8020-67d146a850e0},2 property at 1
AudMig: Migrated {9637b4b9-11ee-4c35-b43c-7b2452c993cc},1 property at 12
AudMig: Migrated {259abffc-50a7-47ce-af08-68c9a7d73366},12 property at 18
AudMig: Migrated {b3f8fa53-0004-438e-9003-51a46e139bfc},0 property at 24
AudMig: Migrating role and device state from SOFTWARE\Microsoft\Windows\CurrentVersion\MMDevices\Audio\Capture\{7F0916A5-7B71-44FF-9E89-AEF823CDF84F} to SOFTWARE\Microsoft\Windows\CurrentVersion\MMDevices\Audio\Capture\{4245F87F-4420-4902-A2CA-A4E0F4A5D010}
AudMig: Device Ids perfect match - {2}.\\?\bthhfenum#bthhfpaudio#9&f2d3185&0&97#{6994ad04-93ef-11d0-a3cc-00a0c9223196}\wave/00010002 {2}.\\?\bthhfenum#bthhfpaudio#9&f2d3185&0&97#{6994ad04-93ef-11d0-a3cc-00a0c9223196}\wave/00010002
AudMig: Migrated {a45c254e-df1c-4efd-8020-67d146a850e0},2 property at 1
AudMig: Migrated {9637b4b9-11ee-4c35-b43c-7b2452c993cc},1 property at 12
AudMig: Migrated {259abffc-50a7-47ce-af08-68c9a7d73366},12 property at 18
AudMig: Migrated {b3f8fa53-0004-438e-9003-51a46e139bfc},0 property at 24
AudMig: Migrated {f19f064d-082c-4e27-bc73-6882a1bb8e4c},0 property at 49
AudMig: Migrated {88d5b221-5f9e-41ca-8de1-f3c4c9fe77a6},83 property at 0
AudMig: Migrated {4ee51b68-0cac-4070-a89c-cecf92558176},3 property at 1
AudMig: Migrated {16b04f29-43a8-4bf5-81e8-3a2c52be0913},0 property at 2
AudMig: Migrated {70eefb05-aa49-4472-99f6-cbc707f1e576},2 property at 3
AudMig: Migrated {911dff54-0b79-4e96-b3de-577f235b619b},15 property at 4
AudMig: Migrated {911dff54-0b79-4e96-b3de-577f235b619b},73 property at 5
AudMig: Migrated {911dff54-0b79-4e96-b3de-577f235b619b},45 property at 6
AudMig: Migrated {911dff54-0b79-4e96-b3de-577f235b619b},71 property at 7
AudMig: Migrated {911dff54-0b79-4e96-b3de-577f235b619b},72 property at 8
AudMig: Migrated {911dff54-0b79-4e96-b3de-577f235b619b},2 property at 9
AudMig: Migrated {911dff54-0b79-4e96-b3de-577f235b619b},22 property at 10
AudMig: Migrated {a21ef5e5-601f-4d5c-b10b-934c779f1a03},3 property at 11
AudMig: Migrated {c4f6b0fa-fd32-4c99-8050-8f8a193a7e48},0 property at 12
AudMig: Migrated {1e99d4a8-6f5d-4170-a207-ae86976df3f6},0 property at 13
AudMig: Migrated {c4f6b0fa-fd32-4c99-8050-8f8a193a7e48},2000 property at 14
AudMig: Migrated {c4f6b0fa-fd32-4c99-8050-8f8a193a7e48},2 property at 15
AudMig: Migrated {c4f6b0fa-fd32-4c99-8050-8f8a193a7e48},3 property at 16
AudMig: Migrated {65973247-5903-4308-9fb2-b952e36b39fd},1 property at 17
AudMig: Migrated {10786eac-45af-49ea-9182-4b994bd075e8},1 property at 18
AudMig: Migrated {10786eac-45af-49ea-9182-4b994bd075e8},0 property at 19
AudMig: Migrated {c9c1a064-fcf2-401f-8f30-b9e899f7c617},0 property at 20
AudMig: Migrated {c9c1a064-fcf2-401f-8f30-b9e899f7c617},1 property at 21
AudMig: Migrated {d04e05a6-594b-4fb6-a80d-01af5eed7d1d},0 property at 22
AudMig: Migrating role and device state from SOFTWARE\Microsoft\Windows\CurrentVersion\MMDevices\Audio\Capture\{8429F869-3A13-4976-AF6B-4684D24D54FA} to SOFTWARE\Microsoft\Windows\CurrentVersion\MMDevices\Audio\Capture\{09BC53E4-8DD8-4FE6-9991-487D2AA49131}
AudMig: Device Ids perfect match - {2}.\\?\bthhfenum#bthhfpaudio#9&ec26a09&0&97#{6994ad04-93ef-11d0-a3cc-00a0c9223196}\wave/00010002 {2}.\\?\bthhfenum#bthhfpaudio#9&ec26a09&0&97#{6994ad04-93ef-11d0-a3cc-00a0c9223196}\wave/00010002
AudMig: Migrated {a45c254e-df1c-4efd-8020-67d146a850e0},2 property at 1
AudMig: Migrated {9637b4b9-11ee-4c35-b43c-7b2452c993cc},1 property at 12
AudMig: Migrated {259abffc-50a7-47ce-af08-68c9a7d73366},12 property at 18
AudMig: Migrated {b3f8fa53-0004-438e-9003-51a46e139bfc},0 property at 24
AudMig: Migrated {88d5b221-5f9e-41ca-8de1-f3c4c9fe77a6},83 property at 0
AudMig: Migrated {4ee51b68-0cac-4070-a89c-cecf92558176},3 property at 1
AudMig: Migrated {16b04f29-43a8-4bf5-81e8-3a2c52be0913},0 property at 2
AudMig: Migrated {70eefb05-aa49-4472-99f6-cbc707f1e576},2 property at 3
AudMig: Migrated {911dff54-0b79-4e96-b3de-577f235b619b},15 property at 4
AudMig: Migrated {911dff54-0b79-4e96-b3de-577f235b619b},73 property at 5
AudMig: Migrated {911dff54-0b79-4e96-b3de-577f235b619b},45 property at 6
AudMig: Migrated {911dff54-0b79-4e96-b3de-577f235b619b},71 property at 7
AudMig: Migrated {911dff54-0b79-4e96-b3de-577f235b619b},72 property at 8
AudMig: Migrated {911dff54-0b79-4e96-b3de-577f235b619b},2 property at 9
AudMig: Migrated {911dff54-0b79-4e96-b3de-577f235b619b},22 property at 10
AudMig: Migrated {a21ef5e5-601f-4d5c-b10b-934c779f1a03},3 property at 11
AudMig: Migrated {c4f6b0fa-fd32-4c99-8050-8f8a193a7e48},0 property at 12
AudMig: Migrated {1e99d4a8-6f5d-4170-a207-ae86976df3f6},0 property at 13
AudMig: Migrated {c4f6b0fa-fd32-4c99-8050-8f8a193a7e48},2000 property at 14
AudMig: Migrated {c4f6b0fa-fd32-4c99-8050-8f8a193a7e48},2 property at 15
AudMig: Migrated {c4f6b0fa-fd32-4c99-8050-8f8a193a7e48},3 property at 16
AudMig: Migrated {65973247-5903-4308-9fb2-b952e36b39fd},1 property at 17
AudMig: Migrated {10786eac-45af-49ea-9182-4b994bd075e8},1 property at 18
AudMig: Migrated {10786eac-45af-49ea-9182-4b994bd075e8},0 property at 19
AudMig: Migrating role and device state from SOFTWARE\Microsoft\Windows\CurrentVersion\MMDevices\Audio\Capture\{9349B5E6-E8DA-42DE-B47D-D927BD32862D} to SOFTWARE\Microsoft\Windows\CurrentVersion\MMDevices\Audio\Capture\{1483F32F-2095-4233-8AE9-48E371D266D0}
